2024-06-04 21:53:18.746 [info] Extension host with pid 1203 started
2024-06-04 21:53:18.789 [info] Lock '/home/mayank_techsorcerer/.codeoss/data/User/workspaceStorage/-624ddc1c/vscode.lock': Lock acquired.
2024-06-04 21:53:18.927 [info] ExtensionService#_doActivateExtension vscode.emmet, startup: false, activationEvent: 'onLanguage'
2024-06-04 21:53:19.044 [info] ExtensionService#_doActivateExtension vscode.git-base, startup: true, activationEvent: '*', root cause: vscode.git
2024-06-04 21:53:19.123 [info] ExtensionService#_doActivateExtension vscode.git, startup: true, activationEvent: '*'
2024-06-04 21:53:19.124 [info] ExtensionService#_doActivateExtension vscode.github, startup: true, activationEvent: '*'
2024-06-04 21:53:19.415 [info] ExtensionService#_doActivateExtension redhat.fabric8-analytics, startup: true, activationEvent: 'workspaceContains:**/package.json,**/pom.xml,**/requirements.txt,**/go.mod'
2024-06-04 21:53:19.700 [info] Eager extensions activated
2024-06-04 21:53:19.701 [info] ExtensionService#_doActivateExtension EditorConfig.EditorConfig, startup: false, activationEvent: 'onStartupFinished'
2024-06-04 21:53:19.701 [info] ExtensionService#_doActivateExtension google.cloud-shell, startup: false, activationEvent: 'onStartupFinished'
2024-06-04 21:53:19.702 [info] ExtensionService#_doActivateExtension googlecloudtools.cloudcode, startup: false, activationEvent: 'onStartupFinished'
2024-06-04 21:53:19.702 [info] ExtensionService#_doActivateExtension vscode.debug-auto-launch, startup: false, activationEvent: 'onStartupFinished'
2024-06-04 21:53:19.703 [info] ExtensionService#_doActivateExtension vscode.merge-conflict, startup: false, activationEvent: 'onStartupFinished'
2024-06-04 21:53:22.222 [info] ExtensionService#_doActivateExtension vscode.json-language-features, startup: false, activationEvent: 'onLanguage:jsonc'
2024-06-04 21:53:22.223 [info] ExtensionService#_doActivateExtension vscode.typescript-language-features, startup: false, activationEvent: 'onLanguage:jsonc'
2024-06-04 21:53:22.581 [info] ExtensionService#_doActivateExtension vscode.github-authentication, startup: false, activationEvent: 'onAuthenticationRequest:github'
2024-06-04 21:53:22.983 [info] ExtensionService#_doActivateExtension vscode.extension-editing, startup: false, activationEvent: 'onLanguage:json'
2024-06-04 21:53:22.983 [info] ExtensionService#_doActivateExtension vscode.npm, startup: false, activationEvent: 'onLanguage:json'
2024-06-04 21:54:07.012 [warning] [Decorations] CAPPING events from decorations provider vscode.git 2213
2024-06-04 21:54:12.345 [warning] [Decorations] CAPPING events from decorations provider vscode.git 2213
2024-06-04 21:55:06.854 [warning] [Decorations] CAPPING events from decorations provider vscode.git 2214
2024-06-04 21:55:12.144 [warning] [Decorations] CAPPING events from decorations provider vscode.git 2214
2024-06-04 21:56:01.229 [warning] [Decorations] CAPPING events from decorations provider vscode.git 2214
2024-06-04 21:56:06.518 [warning] [Decorations] CAPPING events from decorations provider vscode.git 2214
2024-06-04 21:56:25.133 [warning] [Decorations] CAPPING events from decorations provider vscode.git 2214
2024-06-04 21:56:38.505 [warning] [Decorations] CAPPING events from decorations provider vscode.git 2214
2024-06-04 21:56:43.875 [warning] [Decorations] CAPPING events from decorations provider vscode.git 2214
2024-06-04 21:56:49.162 [warning] [Decorations] CAPPING events from decorations provider vscode.git 2214
2024-06-04 21:56:54.459 [warning] [Decorations] CAPPING events from decorations provider vscode.git 2214
2024-06-04 21:57:01.074 [warning] [Decorations] CAPPING events from decorations provider vscode.git 2214
2024-06-04 21:57:13.063 [warning] [Decorations] CAPPING events from decorations provider vscode.git 2214
2024-06-04 21:57:18.358 [warning] [Decorations] CAPPING events from decorations provider vscode.git 2214
2024-06-04 21:57:26.056 [warning] [Decorations] CAPPING events from decorations provider vscode.git 2214
2024-06-04 21:57:31.611 [warning] [Decorations] CAPPING events from decorations provider vscode.git 2214
2024-06-04 21:57:36.899 [warning] [Decorations] CAPPING events from decorations provider vscode.git 2214
2024-06-04 21:57:51.072 [warning] [Decorations] CAPPING events from decorations provider vscode.git 4007
2024-06-04 21:57:56.396 [warning] [Decorations] CAPPING events from decorations provider vscode.git 4007
2024-06-04 21:58:06.445 [warning] [Decorations] CAPPING events from decorations provider vscode.git 4008
2024-06-04 21:58:11.795 [warning] [Decorations] CAPPING events from decorations provider vscode.git 4008
2024-06-04 21:58:20.600 [warning] [Decorations] CAPPING events from decorations provider vscode.git 4008
2024-06-04 21:59:34.934 [warning] [Decorations] CAPPING events from decorations provider vscode.git 4008
2024-06-04 21:59:49.261 [warning] [Decorations] CAPPING events from decorations provider vscode.git 4008
2024-06-04 22:00:17.280 [warning] [Decorations] CAPPING events from decorations provider vscode.git 4009
2024-06-04 22:00:25.546 [warning] [Decorations] CAPPING events from decorations provider vscode.git 4009
2024-06-04 22:02:03.341 [warning] [Decorations] CAPPING events from decorations provider vscode.git 4009
2024-06-04 22:04:55.409 [warning] [Decorations] CAPPING events from decorations provider vscode.git 4009
2024-06-04 22:05:00.737 [warning] [Decorations] CAPPING events from decorations provider vscode.git 4009
2024-06-04 22:05:28.385 [warning] [Decorations] CAPPING events from decorations provider vscode.git 4009
2024-06-04 22:05:33.711 [warning] [Decorations] CAPPING events from decorations provider vscode.git 4009
2024-06-04 22:07:43.116 [warning] [Decorations] CAPPING events from decorations provider vscode.git 4009
2024-06-04 22:07:48.564 [warning] [Decorations] CAPPING events from decorations provider vscode.git 4009
2024-06-04 22:07:53.914 [warning] [Decorations] CAPPING events from decorations provider vscode.git 4009
2024-06-04 22:07:59.243 [warning] [Decorations] CAPPING events from decorations provider vscode.git 4009
2024-06-04 22:08:04.612 [warning] [Decorations] CAPPING events from decorations provider vscode.git 4009
2024-06-04 22:08:09.942 [warning] [Decorations] CAPPING events from decorations provider vscode.git 4009
2024-06-04 22:08:15.289 [warning] [Decorations] CAPPING events from decorations provider vscode.git 4009
2024-06-04 22:08:21.597 [warning] [Decorations] CAPPING events from decorations provider vscode.git 4009
2024-06-04 22:08:26.921 [warning] [Decorations] CAPPING events from decorations provider vscode.git 4009
2024-06-04 22:08:38.057 [warning] [Decorations] CAPPING events from decorations provider vscode.git 4009
2024-06-04 22:08:47.386 [warning] [Decorations] CAPPING events from decorations provider vscode.git 4009
2024-06-04 22:08:52.711 [warning] [Decorations] CAPPING events from decorations provider vscode.git 4009
2024-06-04 22:09:26.166 [warning] [Decorations] CAPPING events from decorations provider vscode.git 4009
2024-06-04 22:09:45.730 [warning] [Decorations] CAPPING events from decorations provider vscode.git 4009
2024-06-04 22:09:51.084 [warning] [Decorations] CAPPING events from decorations provider vscode.git 4009
2024-06-04 22:09:57.490 [warning] [Decorations] CAPPING events from decorations provider vscode.git 4009
2024-06-04 22:10:09.541 [warning] [Decorations] CAPPING events from decorations provider vscode.git 4009
2024-06-04 22:10:20.784 [warning] [Decorations] CAPPING events from decorations provider vscode.git 4009
2024-06-04 22:10:26.106 [warning] [Decorations] CAPPING events from decorations provider vscode.git 4009
2024-06-04 22:10:57.392 [warning] [Decorations] CAPPING events from decorations provider vscode.git 4009
2024-06-04 22:11:02.712 [warning] [Decorations] CAPPING events from decorations provider vscode.git 4009
2024-06-04 22:12:10.758 [warning] [Decorations] CAPPING events from decorations provider vscode.git 4009
2024-06-04 22:12:19.233 [warning] [Decorations] CAPPING events from decorations provider vscode.git 4009
2024-06-04 22:12:24.547 [warning] [Decorations] CAPPING events from decorations provider vscode.git 4009
2024-06-04 22:12:29.872 [warning] [Decorations] CAPPING events from decorations provider vscode.git 4009
2024-06-04 22:12:42.881 [warning] [Decorations] CAPPING events from decorations provider vscode.git 4009
2024-06-04 22:12:48.202 [warning] [Decorations] CAPPING events from decorations provider vscode.git 4009
2024-06-04 22:13:34.267 [warning] [Decorations] CAPPING events from decorations provider vscode.git 4009
2024-06-04 22:13:39.596 [warning] [Decorations] CAPPING events from decorations provider vscode.git 4009
2024-06-04 22:13:47.463 [warning] [Decorations] CAPPING events from decorations provider vscode.git 4009
2024-06-04 22:14:05.699 [warning] [Decorations] CAPPING events from decorations provider vscode.git 4009
2024-06-04 22:14:11.032 [warning] [Decorations] CAPPING events from decorations provider vscode.git 4009
2024-06-04 22:15:33.007 [warning] [Decorations] CAPPING events from decorations provider vscode.git 4009
2024-06-04 22:15:46.663 [warning] [Decorations] CAPPING events from decorations provider vscode.git 4009
2024-06-04 22:15:51.989 [warning] [Decorations] CAPPING events from decorations provider vscode.git 4009
2024-06-04 22:15:57.315 [warning] [Decorations] CAPPING events from decorations provider vscode.git 4009
2024-06-04 22:16:02.641 [warning] [Decorations] CAPPING events from decorations provider vscode.git 4009
2024-06-04 22:16:07.966 [warning] [Decorations] CAPPING events from decorations provider vscode.git 4009
2024-06-04 22:16:13.311 [warning] [Decorations] CAPPING events from decorations provider vscode.git 4009
2024-06-04 22:16:18.635 [warning] [Decorations] CAPPING events from decorations provider vscode.git 4009
2024-06-04 22:18:33.483 [warning] [Decorations] CAPPING events from decorations provider vscode.git 4009
2024-06-04 22:18:38.826 [warning] [Decorations] CAPPING events from decorations provider vscode.git 4009
2024-06-04 22:20:28.513 [warning] [Decorations] CAPPING events from decorations provider vscode.git 4009
2024-06-04 22:20:30.179 [warning] [Decorations] CAPPING events from decorations provider vscode.git 4009
2024-06-04 22:22:50.682 [warning] [Decorations] CAPPING events from decorations provider vscode.git 4009
2024-06-04 22:32:00.474 [info] Extension host terminating: received terminate message from renderer
2024-06-04 22:32:00.475 [info] Lock '/home/mayank_techsorcerer/.codeoss/data/User/workspaceStorage/-624ddc1c/vscode.lock': Marking the lockfile as scheduled to be released in 6000 ms.
2024-06-04 22:32:00.547 [error] Canceled: Canceled
    at new g (/google/devshell/editor/code-oss-for-cloud-shell/out/vs/workbench/api/node/extensionHostProcess.js:125:57216)
    at i.U (/google/devshell/editor/code-oss-for-cloud-shell/out/vs/workbench/api/node/extensionHostProcess.js:134:10864)
    at Proxy.M.<computed>.j.charCodeAt.M.<computed> (/google/devshell/editor/code-oss-for-cloud-shell/out/vs/workbench/api/node/extensionHostProcess.js:134:8315)
    at n.g (/google/devshell/editor/code-oss-for-cloud-shell/out/vs/workbench/api/node/extensionHostProcess.js:125:83747)
    at n.executeCommand (/google/devshell/editor/code-oss-for-cloud-shell/out/vs/workbench/api/node/extensionHostProcess.js:125:83185)
    at $.registerCommand.description (/google/devshell/editor/code-oss-for-cloud-shell/out/vs/workbench/api/node/extensionHostProcess.js:125:82506)
    at n.h (/google/devshell/editor/code-oss-for-cloud-shell/out/vs/workbench/api/node/extensionHostProcess.js:125:84283)
    at n.g (/google/devshell/editor/code-oss-for-cloud-shell/out/vs/workbench/api/node/extensionHostProcess.js:125:83278)
    at n.executeCommand (/google/devshell/editor/code-oss-for-cloud-shell/out/vs/workbench/api/node/extensionHostProcess.js:125:83185)
    at Object.executeCommand (/google/devshell/editor/code-oss-for-cloud-shell/out/vs/workbench/api/node/extensionHostProcess.js:140:21282)
    at s.D [as value] (/google/devshell/editor/code-oss-for-cloud-shell/extensions/git/dist/main.js:2:140628)
    at c.z (/google/devshell/editor/code-oss-for-cloud-shell/out/vs/workbench/api/node/extensionHostProcess.js:80:1902)
    at c.A (/google/devshell/editor/code-oss-for-cloud-shell/out/vs/workbench/api/node/extensionHostProcess.js:80:1972)
    at c.fire (/google/devshell/editor/code-oss-for-cloud-shell/out/vs/workbench/api/node/extensionHostProcess.js:80:2188)
    at Object.m [as dispose] (/google/devshell/editor/code-oss-for-cloud-shell/extensions/git/dist/main.js:2:156416)
    at /google/devshell/editor/code-oss-for-cloud-shell/extensions/git/dist/main.js:2:161257
    at Array.forEach (<anonymous>)
    at g.dispose (/google/devshell/editor/code-oss-for-cloud-shell/extensions/git/dist/main.js:2:161243)
    at v.<anonymous> (/google/devshell/editor/code-oss-for-cloud-shell/out/vs/workbench/api/node/extensionHostProcess.js:121:3521)
    at v.dispose (/google/devshell/editor/code-oss-for-cloud-shell/out/vs/workbench/api/node/extensionHostProcess.js:121:3618)
    at v.<anonymous> (/google/devshell/editor/code-oss-for-cloud-shell/extensions/git/dist/main.js:2:142640)
    at v.dispose (/google/devshell/editor/code-oss-for-cloud-shell/out/vs/workbench/api/node/extensionHostProcess.js:121:3618)
    at o (/google/devshell/editor/code-oss-for-cloud-shell/out/vs/workbench/api/node/extensionHostProcess.js:30:754)
    at s.cb (/google/devshell/editor/code-oss-for-cloud-shell/out/vs/workbench/api/node/extensionHostProcess.js:136:9846)
    at /google/devshell/editor/code-oss-for-cloud-shell/out/vs/workbench/api/node/extensionHostProcess.js:136:7796
    at Array.map (<anonymous>)
    at s.Y (/google/devshell/editor/code-oss-for-cloud-shell/out/vs/workbench/api/node/extensionHostProcess.js:136:7784)
    at s.terminate (/google/devshell/editor/code-oss-for-cloud-shell/out/vs/workbench/api/node/extensionHostProcess.js:136:8054)
    at o.terminate (/google/devshell/editor/code-oss-for-cloud-shell/out/vs/workbench/api/node/extensionHostProcess.js:140:1513)
    at l (/google/devshell/editor/code-oss-for-cloud-shell/out/vs/workbench/api/node/extensionHostProcess.js:153:9801)
    at s.value (/google/devshell/editor/code-oss-for-cloud-shell/out/vs/workbench/api/node/extensionHostProcess.js:153:7848)
    at c.z (/google/devshell/editor/code-oss-for-cloud-shell/out/vs/workbench/api/node/extensionHostProcess.js:80:1902)
    at c.fire (/google/devshell/editor/code-oss-for-cloud-shell/out/vs/workbench/api/node/extensionHostProcess.js:80:2119)
    at m.fire (/google/devshell/editor/code-oss-for-cloud-shell/out/vs/workbench/api/node/extensionHostProcess.js:96:14010)
    at r.z (/google/devshell/editor/code-oss-for-cloud-shell/out/vs/workbench/api/node/extensionHostProcess.js:96:17075)
    at s.value (/google/devshell/editor/code-oss-for-cloud-shell/out/vs/workbench/api/node/extensionHostProcess.js:96:15527)
    at c.z (/google/devshell/editor/code-oss-for-cloud-shell/out/vs/workbench/api/node/extensionHostProcess.js:80:1902)
    at c.fire (/google/devshell/editor/code-oss-for-cloud-shell/out/vs/workbench/api/node/extensionHostProcess.js:80:2119)
    at s.acceptChunk (/google/devshell/editor/code-oss-for-cloud-shell/out/vs/workbench/api/node/extensionHostProcess.js:96:11784)
    at s.value (/google/devshell/editor/code-oss-for-cloud-shell/out/vs/workbench/api/node/extensionHostProcess.js:96:11071)
    at c.z (/google/devshell/editor/code-oss-for-cloud-shell/out/vs/workbench/api/node/extensionHostProcess.js:80:1902)
    at c.fire (/google/devshell/editor/code-oss-for-cloud-shell/out/vs/workbench/api/node/extensionHostProcess.js:80:2119)
    at c.z (/google/devshell/editor/code-oss-for-cloud-shell/out/vs/workbench/api/node/extensionHostProcess.js:150:19173)
    at c.acceptFrame (/google/devshell/editor/code-oss-for-cloud-shell/out/vs/workbench/api/node/extensionHostProcess.js:150:18979)
    at a.n (/google/devshell/editor/code-oss-for-cloud-shell/out/vs/workbench/api/node/extensionHostProcess.js:150:17612)
    at /google/devshell/editor/code-oss-for-cloud-shell/out/vs/workbench/api/node/extensionHostProcess.js:150:14959
    at Socket.f (/google/devshell/editor/code-oss-for-cloud-shell/out/vs/workbench/api/node/extensionHostProcess.js:150:12873)
    at Socket.emit (node:events:513:28)
    at addChunk (node:internal/streams/readable:324:12)
    at readableAddChunk (node:internal/streams/readable:297:9)
    at Socket.Readable.push (node:internal/streams/readable:234:10)
    at TCP.onStreamRead (node:internal/stream_base_commons:190:23) setContext undefined
2024-06-04 22:32:00.554 [error] Canceled: Canceled
    at new g (/google/devshell/editor/code-oss-for-cloud-shell/out/vs/workbench/api/node/extensionHostProcess.js:125:57216)
    at i.U (/google/devshell/editor/code-oss-for-cloud-shell/out/vs/workbench/api/node/extensionHostProcess.js:134:10864)
    at Proxy.M.<computed>.j.charCodeAt.M.<computed> (/google/devshell/editor/code-oss-for-cloud-shell/out/vs/workbench/api/node/extensionHostProcess.js:134:8315)
    at n.g (/google/devshell/editor/code-oss-for-cloud-shell/out/vs/workbench/api/node/extensionHostProcess.js:125:83747)
    at n.executeCommand (/google/devshell/editor/code-oss-for-cloud-shell/out/vs/workbench/api/node/extensionHostProcess.js:125:83185)
    at $.registerCommand.description (/google/devshell/editor/code-oss-for-cloud-shell/out/vs/workbench/api/node/extensionHostProcess.js:125:82506)
    at n.h (/google/devshell/editor/code-oss-for-cloud-shell/out/vs/workbench/api/node/extensionHostProcess.js:125:84283)
    at n.g (/google/devshell/editor/code-oss-for-cloud-shell/out/vs/workbench/api/node/extensionHostProcess.js:125:83278)
    at n.executeCommand (/google/devshell/editor/code-oss-for-cloud-shell/out/vs/workbench/api/node/extensionHostProcess.js:125:83185)
    at Object.executeCommand (/google/devshell/editor/code-oss-for-cloud-shell/out/vs/workbench/api/node/extensionHostProcess.js:140:21282)
    at t.$D.set b [as b] (/google/devshell/editor/code-oss-for-cloud-shell/extensions/github/dist/extension.js:2:24828)
    at /google/devshell/editor/code-oss-for-cloud-shell/extensions/github/dist/extension.js:2:25469
    at s.value (/google/devshell/editor/code-oss-for-cloud-shell/extensions/git/dist/main.js:2:229868)
    at c.z (/google/devshell/editor/code-oss-for-cloud-shell/out/vs/workbench/api/node/extensionHostProcess.js:80:1902)
    at c.A (/google/devshell/editor/code-oss-for-cloud-shell/out/vs/workbench/api/node/extensionHostProcess.js:80:1972)
    at c.fire (/google/devshell/editor/code-oss-for-cloud-shell/out/vs/workbench/api/node/extensionHostProcess.js:80:2188)
    at Object.m [as dispose] (/google/devshell/editor/code-oss-for-cloud-shell/extensions/git/dist/main.js:2:156416)
    at /google/devshell/editor/code-oss-for-cloud-shell/extensions/git/dist/main.js:2:161257
    at Array.forEach (<anonymous>)
    at g.dispose (/google/devshell/editor/code-oss-for-cloud-shell/extensions/git/dist/main.js:2:161243)
    at v.<anonymous> (/google/devshell/editor/code-oss-for-cloud-shell/out/vs/workbench/api/node/extensionHostProcess.js:121:3521)
    at v.dispose (/google/devshell/editor/code-oss-for-cloud-shell/out/vs/workbench/api/node/extensionHostProcess.js:121:3618)
    at v.<anonymous> (/google/devshell/editor/code-oss-for-cloud-shell/extensions/git/dist/main.js:2:142640)
    at v.dispose (/google/devshell/editor/code-oss-for-cloud-shell/out/vs/workbench/api/node/extensionHostProcess.js:121:3618)
    at o (/google/devshell/editor/code-oss-for-cloud-shell/out/vs/workbench/api/node/extensionHostProcess.js:30:754)
    at s.cb (/google/devshell/editor/code-oss-for-cloud-shell/out/vs/workbench/api/node/extensionHostProcess.js:136:9846)
    at /google/devshell/editor/code-oss-for-cloud-shell/out/vs/workbench/api/node/extensionHostProcess.js:136:7796
    at Array.map (<anonymous>)
    at s.Y (/google/devshell/editor/code-oss-for-cloud-shell/out/vs/workbench/api/node/extensionHostProcess.js:136:7784)
    at s.terminate (/google/devshell/editor/code-oss-for-cloud-shell/out/vs/workbench/api/node/extensionHostProcess.js:136:8054)
    at o.terminate (/google/devshell/editor/code-oss-for-cloud-shell/out/vs/workbench/api/node/extensionHostProcess.js:140:1513)
    at l (/google/devshell/editor/code-oss-for-cloud-shell/out/vs/workbench/api/node/extensionHostProcess.js:153:9801)
    at s.value (/google/devshell/editor/code-oss-for-cloud-shell/out/vs/workbench/api/node/extensionHostProcess.js:153:7848)
    at c.z (/google/devshell/editor/code-oss-for-cloud-shell/out/vs/workbench/api/node/extensionHostProcess.js:80:1902)
    at c.fire (/google/devshell/editor/code-oss-for-cloud-shell/out/vs/workbench/api/node/extensionHostProcess.js:80:2119)
    at m.fire (/google/devshell/editor/code-oss-for-cloud-shell/out/vs/workbench/api/node/extensionHostProcess.js:96:14010)
    at r.z (/google/devshell/editor/code-oss-for-cloud-shell/out/vs/workbench/api/node/extensionHostProcess.js:96:17075)
    at s.value (/google/devshell/editor/code-oss-for-cloud-shell/out/vs/workbench/api/node/extensionHostProcess.js:96:15527)
    at c.z (/google/devshell/editor/code-oss-for-cloud-shell/out/vs/workbench/api/node/extensionHostProcess.js:80:1902)
    at c.fire (/google/devshell/editor/code-oss-for-cloud-shell/out/vs/workbench/api/node/extensionHostProcess.js:80:2119)
    at s.acceptChunk (/google/devshell/editor/code-oss-for-cloud-shell/out/vs/workbench/api/node/extensionHostProcess.js:96:11784)
    at s.value (/google/devshell/editor/code-oss-for-cloud-shell/out/vs/workbench/api/node/extensionHostProcess.js:96:11071)
    at c.z (/google/devshell/editor/code-oss-for-cloud-shell/out/vs/workbench/api/node/extensionHostProcess.js:80:1902)
    at c.fire (/google/devshell/editor/code-oss-for-cloud-shell/out/vs/workbench/api/node/extensionHostProcess.js:80:2119)
    at c.z (/google/devshell/editor/code-oss-for-cloud-shell/out/vs/workbench/api/node/extensionHostProcess.js:150:19173)
    at c.acceptFrame (/google/devshell/editor/code-oss-for-cloud-shell/out/vs/workbench/api/node/extensionHostProcess.js:150:18979)
    at a.n (/google/devshell/editor/code-oss-for-cloud-shell/out/vs/workbench/api/node/extensionHostProcess.js:150:17612)
    at /google/devshell/editor/code-oss-for-cloud-shell/out/vs/workbench/api/node/extensionHostProcess.js:150:14959
    at Socket.f (/google/devshell/editor/code-oss-for-cloud-shell/out/vs/workbench/api/node/extensionHostProcess.js:150:12873)
    at Socket.emit (node:events:513:28)
    at addChunk (node:internal/streams/readable:324:12)
    at readableAddChunk (node:internal/streams/readable:297:9)
    at Socket.Readable.push (node:internal/streams/readable:234:10)
    at TCP.onStreamRead (node:internal/stream_base_commons:190:23) setContext undefined
2024-06-04 22:32:00.584 [info] Extension host with pid 1203 exiting with code 0
