2024-06-04 21:53:22.871 [info] Reading sessions from keychain...
2024-06-04 21:53:22.886 [info] Getting sessions for all scopes...
2024-06-04 21:53:22.886 [info] Got 0 sessions for ...
2024-06-04 21:53:23.072 [info] Getting sessions for read:user,repo,user:email,workflow...
2024-06-04 21:53:23.072 [info] Got 0 sessions for read:user,repo,user:email,workflow...
2024-06-04 22:23:03.241 [info] Getting sessions for read:user,repo,user:email,workflow...
2024-06-04 22:23:03.241 [info] Got 0 sessions for read:user,repo,user:email,workflow...
2024-06-04 22:23:06.081 [info] Logging in for the following scopes: read:user repo user:email workflow
2024-06-04 22:23:06.209 [info] Trying device code flow... (read:user repo user:email workflow)
2024-06-04 22:25:17.601 [error] Timed out
2024-06-04 22:25:43.391 [info] Trying to retrieve PAT... (read:user repo user:email workflow)
2024-06-04 22:27:30.467 [error] User Cancelled
2024-06-04 22:27:43.612 [info] Getting sessions for read:user,repo,user:email,workflow...
2024-06-04 22:27:43.612 [info] Got 0 sessions for read:user,repo,user:email,workflow...
2024-06-04 22:27:45.090 [info] Logging in for the following scopes: read:user repo user:email workflow
2024-06-04 22:27:45.145 [info] Trying device code flow... (read:user repo user:email workflow)
2024-06-04 22:29:36.088 [info] Getting user info...
2024-06-04 22:29:36.323 [info] Got account info!
2024-06-04 22:29:36.323 [info] Storing 1 sessions...
2024-06-04 22:29:36.909 [info] Reading sessions from keychain...
2024-06-04 22:29:36.909 [info] Stored 1 sessions!
2024-06-04 22:29:36.909 [info] Login success!
2024-06-04 22:29:36.976 [info] Got stored sessions!
2024-06-04 22:29:36.976 [info] Got 1 verified sessions.
2024-06-04 22:29:45.030 [info] Getting sessions for read:user,repo,user:email,workflow...
2024-06-04 22:29:45.031 [info] Got 1 sessions for read:user,repo,user:email,workflow...
2024-06-04 22:29:46.670 [info] Getting sessions for read:user,repo,user:email,workflow...
2024-06-04 22:29:46.671 [info] Got 1 sessions for read:user,repo,user:email,workflow...
2024-06-04 22:29:47.505 [info] Getting sessions for read:user,repo,user:email,workflow...
2024-06-04 22:29:47.506 [info] Got 1 sessions for read:user,repo,user:email,workflow...
