2024-06-04 22:41:46.088 [info] Extension host with pid 5518 started
2024-06-04 22:41:46.224 [info] Lock '/home/mayank_techsorcerer/.codeoss/data/User/workspaceStorage/-624ddc1c/vscode.lock': Lock acquired.
2024-06-04 22:41:46.361 [info] ExtensionService#_doActivateExtension vscode.emmet, startup: false, activationEvent: 'onLanguage'
2024-06-04 22:41:46.545 [info] ExtensionService#_doActivateExtension vscode.git-base, startup: true, activationEvent: '*', root cause: vscode.git
2024-06-04 22:41:46.622 [info] ExtensionService#_doActivateExtension vscode.git, startup: true, activationEvent: '*'
2024-06-04 22:41:46.623 [info] ExtensionService#_doActivateExtension vscode.github, startup: true, activationEvent: '*'
2024-06-04 22:41:47.011 [info] ExtensionService#_doActivateExtension redhat.fabric8-analytics, startup: true, activationEvent: 'workspaceContains:**/package.json,**/pom.xml,**/requirements.txt,**/go.mod'
2024-06-04 22:41:47.290 [info] Eager extensions activated
2024-06-04 22:41:47.291 [info] ExtensionService#_doActivateExtension EditorConfig.EditorConfig, startup: false, activationEvent: 'onStartupFinished'
2024-06-04 22:41:47.292 [info] ExtensionService#_doActivateExtension google.cloud-shell, startup: false, activationEvent: 'onStartupFinished'
2024-06-04 22:41:47.292 [info] ExtensionService#_doActivateExtension googlecloudtools.cloudcode, startup: false, activationEvent: 'onStartupFinished'
2024-06-04 22:41:47.292 [info] ExtensionService#_doActivateExtension vscode.debug-auto-launch, startup: false, activationEvent: 'onStartupFinished'
2024-06-04 22:41:47.293 [info] ExtensionService#_doActivateExtension vscode.merge-conflict, startup: false, activationEvent: 'onStartupFinished'
2024-06-04 22:41:49.706 [info] ExtensionService#_doActivateExtension vscode.github-authentication, startup: false, activationEvent: 'onAuthenticationRequest:github'
2024-06-04 22:41:49.706 [info] ExtensionService#_doActivateExtension vscode.json-language-features, startup: false, activationEvent: 'onLanguage:jsonc'
2024-06-04 22:41:49.707 [info] ExtensionService#_doActivateExtension vscode.typescript-language-features, startup: false, activationEvent: 'onLanguage:jsonc'
2024-06-04 22:45:27.594 [warning] [Decorations] CAPPING events from decorations provider vscode.git 541
2024-06-04 22:45:31.053 [warning] [Decorations] CAPPING events from decorations provider vscode.git 541
2024-06-04 22:45:36.148 [warning] [Decorations] CAPPING events from decorations provider vscode.git 541
2024-06-04 22:45:41.240 [warning] [Decorations] CAPPING events from decorations provider vscode.git 541
2024-06-04 22:45:46.329 [warning] [Decorations] CAPPING events from decorations provider vscode.git 541
2024-06-04 22:45:51.421 [warning] [Decorations] CAPPING events from decorations provider vscode.git 541
2024-06-04 22:45:56.512 [warning] [Decorations] CAPPING events from decorations provider vscode.git 541
2024-06-04 22:46:01.606 [warning] [Decorations] CAPPING events from decorations provider vscode.git 541
