2024-06-04 21:53:19.634 [info] Log level: Info
2024-06-04 21:53:19.634 [info] Validating found git in: "git"
2024-06-04 21:53:19.634 [info] Using git "2.34.1" from "git"
2024-06-04 21:53:19.634 [info] > git rev-parse --show-toplevel [4ms]
2024-06-04 21:53:19.634 [info] fatal: not a git repository (or any parent up to mount point /)
Stopping at filesystem boundary (GIT_DISCOVERY_ACROSS_FILESYSTEM not set).
2024-06-04 21:53:19.634 [info] > git rev-parse --show-toplevel [2ms]
2024-06-04 21:53:19.634 [info] fatal: not a git repository (or any parent up to mount point /)
Stopping at filesystem boundary (GIT_DISCOVERY_ACROSS_FILESYSTEM not set).
2024-06-04 21:53:19.634 [info] > git rev-parse --show-toplevel [2ms]
2024-06-04 21:53:19.634 [info] fatal: not a git repository (or any parent up to mount point /)
Stopping at filesystem boundary (GIT_DISCOVERY_ACROSS_FILESYSTEM not set).
2024-06-04 21:53:19.634 [info] > git rev-parse --show-toplevel [2ms]
2024-06-04 21:53:19.634 [info] fatal: not a git repository (or any parent up to mount point /)
Stopping at filesystem boundary (GIT_DISCOVERY_ACROSS_FILESYSTEM not set).
2024-06-04 21:53:19.635 [info] > git rev-parse --show-toplevel [3ms]
2024-06-04 21:53:19.635 [info] fatal: not a git repository (or any parent up to mount point /)
Stopping at filesystem boundary (GIT_DISCOVERY_ACROSS_FILESYSTEM not set).
2024-06-04 21:53:19.636 [info] > git rev-parse --show-toplevel [3ms]
2024-06-04 21:53:19.636 [info] fatal: not a git repository (or any parent up to mount point /)
Stopping at filesystem boundary (GIT_DISCOVERY_ACROSS_FILESYSTEM not set).
2024-06-04 21:53:19.645 [info] > git rev-parse --show-toplevel [2ms]
2024-06-04 21:53:19.653 [info] > git rev-parse --git-dir --git-common-dir [2ms]
2024-06-04 21:53:19.667 [info] Open repository: /home/mayank_techsorcerer/pet-theory
2024-06-04 21:53:21.918 [info] > git config --get commit.template [28ms]
2024-06-04 21:53:22.099 [info] > git for-each-ref --format=%(refname)%00%(upstream:short)%00%(objectname)%00%(upstream:track)%00%(upstream:remotename)%00%(upstream:remoteref) refs/heads/main refs/remotes/main [165ms]
2024-06-04 21:53:22.501 [info] > git status -z -uall [388ms]
2024-06-04 21:53:22.501 [info] > git check-ignore -v -z --stdin [10ms]
2024-06-04 21:53:22.559 [info] > git config --get commit.template [33ms]
2024-06-04 21:53:22.560 [info] > git for-each-ref --format=%(refname)%00%(upstream:short)%00%(objectname)%00%(upstream:track)%00%(upstream:remotename)%00%(upstream:remoteref) refs/heads/main refs/remotes/main [19ms]
2024-06-04 21:53:22.792 [info] > git rev-parse --show-toplevel [62ms]
2024-06-04 21:53:22.792 [info] fatal: not a git repository (or any parent up to mount point /)
Stopping at filesystem boundary (GIT_DISCOVERY_ACROSS_FILESYSTEM not set).
2024-06-04 21:53:22.856 [info] > git status -z -uall [281ms]
2024-06-04 21:53:23.423 [info] > git show --textconv :lab01/package.json [26ms]
2024-06-04 21:53:23.423 [info] > git ls-files --stage -- /home/mayank_techsorcerer/pet-theory/lab01/package.json [8ms]
2024-06-04 21:53:23.450 [info] > git cat-file -s d0a08854a8858e5aa2f6ba74ec1acdee26b5699f [10ms]
2024-06-04 21:53:43.180 [info] > git check-ignore -v -z --stdin [4ms]
2024-06-04 21:53:44.651 [info] > git check-ignore -v -z --stdin [3ms]
2024-06-04 21:54:06.716 [info] > git config --get commit.template [17ms]
2024-06-04 21:54:06.717 [info] > git for-each-ref --format=%(refname)%00%(upstream:short)%00%(objectname)%00%(upstream:track)%00%(upstream:remotename)%00%(upstream:remoteref) refs/heads/main refs/remotes/main [3ms]
2024-06-04 21:54:06.937 [info] > git status -z -uall [205ms]
2024-06-04 21:54:09.715 [info] > git show --textconv :lab01/importTestData.js [23ms]
2024-06-04 21:54:09.717 [info] > git ls-files --stage -- /home/mayank_techsorcerer/pet-theory/lab01/importTestData.js [5ms]
2024-06-04 21:54:09.741 [info] > git cat-file -s 6d911f56a3a845b133bb2d42a189c75a06751376 [3ms]
2024-06-04 21:54:12.049 [info] > git config --get commit.template [2ms]
2024-06-04 21:54:12.069 [info] > git for-each-ref --format=%(refname)%00%(upstream:short)%00%(objectname)%00%(upstream:track)%00%(upstream:remotename)%00%(upstream:remoteref) refs/heads/main refs/remotes/main [3ms]
2024-06-04 21:54:12.298 [info] > git status -z -uall [211ms]
2024-06-04 21:54:44.990 [info] > git show --textconv :lab01/package.json [19ms]
2024-06-04 21:54:44.992 [info] > git ls-files --stage -- /home/mayank_techsorcerer/pet-theory/lab01/package.json [4ms]
2024-06-04 21:54:45.023 [info] > git cat-file -s d0a08854a8858e5aa2f6ba74ec1acdee26b5699f [14ms]
2024-06-04 21:54:53.464 [info] > git show --textconv :lab01/package-lock.json [17ms]
2024-06-04 21:54:53.466 [info] > git ls-files --stage -- /home/mayank_techsorcerer/pet-theory/lab01/package-lock.json [4ms]
2024-06-04 21:54:53.773 [info] > git show --textconv :lab01/importTestData.js [20ms]
2024-06-04 21:54:53.775 [info] > git ls-files --stage -- /home/mayank_techsorcerer/pet-theory/lab01/importTestData.js [6ms]
2024-06-04 21:54:53.792 [info] > git cat-file -s 6d911f56a3a845b133bb2d42a189c75a06751376 [2ms]
2024-06-04 21:55:06.580 [info] > git config --get commit.template [19ms]
2024-06-04 21:55:06.581 [info] > git for-each-ref --format=%(refname)%00%(upstream:short)%00%(objectname)%00%(upstream:track)%00%(upstream:remotename)%00%(upstream:remoteref) refs/heads/main refs/remotes/main [4ms]
2024-06-04 21:55:06.800 [info] > git status -z -uall [204ms]
2024-06-04 21:55:11.879 [info] > git config --get commit.template [1ms]
2024-06-04 21:55:11.897 [info] > git for-each-ref --format=%(refname)%00%(upstream:short)%00%(objectname)%00%(upstream:track)%00%(upstream:remotename)%00%(upstream:remoteref) refs/heads/main refs/remotes/main [2ms]
2024-06-04 21:55:12.115 [info] > git status -z -uall [201ms]
2024-06-04 21:56:00.951 [info] > git config --get commit.template [17ms]
2024-06-04 21:56:00.951 [info] > git for-each-ref --format=%(refname)%00%(upstream:short)%00%(objectname)%00%(upstream:track)%00%(upstream:remotename)%00%(upstream:remoteref) refs/heads/main refs/remotes/main [2ms]
2024-06-04 21:56:01.186 [info] > git status -z -uall [219ms]
2024-06-04 21:56:06.271 [info] > git config --get commit.template [19ms]
2024-06-04 21:56:06.271 [info] > git for-each-ref --format=%(refname)%00%(upstream:short)%00%(objectname)%00%(upstream:track)%00%(upstream:remotename)%00%(upstream:remoteref) refs/heads/main refs/remotes/main [2ms]
2024-06-04 21:56:06.486 [info] > git status -z -uall [199ms]
2024-06-04 21:56:24.880 [info] > git config --get commit.template [18ms]
2024-06-04 21:56:24.881 [info] > git for-each-ref --format=%(refname)%00%(upstream:short)%00%(objectname)%00%(upstream:track)%00%(upstream:remotename)%00%(upstream:remoteref) refs/heads/main refs/remotes/main [3ms]
2024-06-04 21:56:25.103 [info] > git status -z -uall [204ms]
2024-06-04 21:56:38.256 [info] > git config --get commit.template [18ms]
2024-06-04 21:56:38.257 [info] > git for-each-ref --format=%(refname)%00%(upstream:short)%00%(objectname)%00%(upstream:track)%00%(upstream:remotename)%00%(upstream:remoteref) refs/heads/main refs/remotes/main [2ms]
2024-06-04 21:56:38.476 [info] > git status -z -uall [203ms]
2024-06-04 21:56:43.602 [info] > git config --get commit.template [46ms]
2024-06-04 21:56:43.604 [info] > git for-each-ref --format=%(refname)%00%(upstream:short)%00%(objectname)%00%(upstream:track)%00%(upstream:remotename)%00%(upstream:remoteref) refs/heads/main refs/remotes/main [6ms]
2024-06-04 21:56:43.847 [info] > git status -z -uall [219ms]
2024-06-04 21:56:48.917 [info] > git config --get commit.template [19ms]
2024-06-04 21:56:48.918 [info] > git for-each-ref --format=%(refname)%00%(upstream:short)%00%(objectname)%00%(upstream:track)%00%(upstream:remotename)%00%(upstream:remoteref) refs/heads/main refs/remotes/main [2ms]
2024-06-04 21:56:49.136 [info] > git status -z -uall [201ms]
2024-06-04 21:56:54.204 [info] > git config --get commit.template [19ms]
2024-06-04 21:56:54.207 [info] > git for-each-ref --format=%(refname)%00%(upstream:short)%00%(objectname)%00%(upstream:track)%00%(upstream:remotename)%00%(upstream:remoteref) refs/heads/main refs/remotes/main [4ms]
2024-06-04 21:56:54.423 [info] > git status -z -uall [198ms]
2024-06-04 21:57:00.827 [info] > git for-each-ref --format=%(refname)%00%(upstream:short)%00%(objectname)%00%(upstream:track)%00%(upstream:remotename)%00%(upstream:remoteref) refs/heads/main refs/remotes/main [6ms]
2024-06-04 21:57:00.827 [info] > git config --get commit.template [24ms]
2024-06-04 21:57:01.047 [info] > git status -z -uall [202ms]
2024-06-04 21:57:12.787 [info] > git config --get commit.template [19ms]
2024-06-04 21:57:12.788 [info] > git for-each-ref --format=%(refname)%00%(upstream:short)%00%(objectname)%00%(upstream:track)%00%(upstream:remotename)%00%(upstream:remoteref) refs/heads/main refs/remotes/main [2ms]
2024-06-04 21:57:13.035 [info] > git status -z -uall [230ms]
2024-06-04 21:57:18.097 [info] > git config --get commit.template [2ms]
2024-06-04 21:57:18.116 [info] > git for-each-ref --format=%(refname)%00%(upstream:short)%00%(objectname)%00%(upstream:track)%00%(upstream:remotename)%00%(upstream:remoteref) refs/heads/main refs/remotes/main [2ms]
2024-06-04 21:57:18.332 [info] > git status -z -uall [197ms]
2024-06-04 21:57:25.806 [info] > git config --get commit.template [20ms]
2024-06-04 21:57:25.807 [info] > git for-each-ref --format=%(refname)%00%(upstream:short)%00%(objectname)%00%(upstream:track)%00%(upstream:remotename)%00%(upstream:remoteref) refs/heads/main refs/remotes/main [2ms]
2024-06-04 21:57:26.029 [info] > git status -z -uall [204ms]
2024-06-04 21:57:31.361 [info] > git config --get commit.template [19ms]
2024-06-04 21:57:31.362 [info] > git for-each-ref --format=%(refname)%00%(upstream:short)%00%(objectname)%00%(upstream:track)%00%(upstream:remotename)%00%(upstream:remoteref) refs/heads/main refs/remotes/main [2ms]
2024-06-04 21:57:31.578 [info] > git status -z -uall [199ms]
2024-06-04 21:57:36.654 [info] > git config --get commit.template [18ms]
2024-06-04 21:57:36.654 [info] > git for-each-ref --format=%(refname)%00%(upstream:short)%00%(objectname)%00%(upstream:track)%00%(upstream:remotename)%00%(upstream:remoteref) refs/heads/main refs/remotes/main [1ms]
2024-06-04 21:57:36.872 [info] > git status -z -uall [200ms]
2024-06-04 21:57:50.767 [info] > git config --get commit.template [19ms]
2024-06-04 21:57:50.768 [info] > git for-each-ref --format=%(refname)%00%(upstream:short)%00%(objectname)%00%(upstream:track)%00%(upstream:remotename)%00%(upstream:remoteref) refs/heads/main refs/remotes/main [2ms]
2024-06-04 21:57:50.998 [info] > git status -z -uall [212ms]
2024-06-04 21:57:52.817 [info] > git show --textconv :lab01/createTestData.js [17ms]
2024-06-04 21:57:52.818 [info] > git ls-files --stage -- /home/mayank_techsorcerer/pet-theory/lab01/createTestData.js [2ms]
2024-06-04 21:57:52.836 [info] > git cat-file -s 6fae6766beac2cb94569c42b98c39b0c57860c23 [2ms]
2024-06-04 21:57:56.120 [info] > git config --get commit.template [18ms]
2024-06-04 21:57:56.121 [info] > git for-each-ref --format=%(refname)%00%(upstream:short)%00%(objectname)%00%(upstream:track)%00%(upstream:remotename)%00%(upstream:remoteref) refs/heads/main refs/remotes/main [2ms]
2024-06-04 21:57:56.350 [info] > git status -z -uall [212ms]
2024-06-04 21:58:06.146 [info] > git config --get commit.template [3ms]
2024-06-04 21:58:06.171 [info] > git for-each-ref --format=%(refname)%00%(upstream:short)%00%(objectname)%00%(upstream:track)%00%(upstream:remotename)%00%(upstream:remoteref) refs/heads/main refs/remotes/main [3ms]
2024-06-04 21:58:06.399 [info] > git status -z -uall [210ms]
2024-06-04 21:58:11.505 [info] > git config --get commit.template [26ms]
2024-06-04 21:58:11.507 [info] > git for-each-ref --format=%(refname)%00%(upstream:short)%00%(objectname)%00%(upstream:track)%00%(upstream:remotename)%00%(upstream:remoteref) refs/heads/main refs/remotes/main [2ms]
2024-06-04 21:58:11.748 [info] > git status -z -uall [218ms]
2024-06-04 21:58:20.312 [info] > git config --get commit.template [20ms]
2024-06-04 21:58:20.313 [info] > git for-each-ref --format=%(refname)%00%(upstream:short)%00%(objectname)%00%(upstream:track)%00%(upstream:remotename)%00%(upstream:remoteref) refs/heads/main refs/remotes/main [2ms]
2024-06-04 21:58:20.548 [info] > git status -z -uall [216ms]
2024-06-04 21:59:34.639 [info] > git config --get commit.template [17ms]
2024-06-04 21:59:34.640 [info] > git for-each-ref --format=%(refname)%00%(upstream:short)%00%(objectname)%00%(upstream:track)%00%(upstream:remotename)%00%(upstream:remoteref) refs/heads/main refs/remotes/main [3ms]
2024-06-04 21:59:34.871 [info] > git status -z -uall [215ms]
2024-06-04 21:59:48.981 [info] > git config --get commit.template [18ms]
2024-06-04 21:59:48.982 [info] > git for-each-ref --format=%(refname)%00%(upstream:short)%00%(objectname)%00%(upstream:track)%00%(upstream:remotename)%00%(upstream:remoteref) refs/heads/main refs/remotes/main [2ms]
2024-06-04 21:59:49.209 [info] > git status -z -uall [210ms]
2024-06-04 22:00:10.400 [info] > git check-ignore -v -z --stdin [2ms]
2024-06-04 22:00:16.996 [info] > git config --get commit.template [18ms]
2024-06-04 22:00:16.997 [info] > git for-each-ref --format=%(refname)%00%(upstream:short)%00%(objectname)%00%(upstream:track)%00%(upstream:remotename)%00%(upstream:remoteref) refs/heads/main refs/remotes/main [2ms]
2024-06-04 22:00:17.228 [info] > git status -z -uall [213ms]
2024-06-04 22:00:18.956 [info] > git show --textconv :lab01/customers_1000.csv [19ms]
2024-06-04 22:00:18.957 [info] > git ls-files --stage -- /home/mayank_techsorcerer/pet-theory/lab01/customers_1000.csv [3ms]
2024-06-04 22:00:25.263 [info] > git for-each-ref --format=%(refname)%00%(upstream:short)%00%(objectname)%00%(upstream:track)%00%(upstream:remotename)%00%(upstream:remoteref) refs/heads/main refs/remotes/main [2ms]
2024-06-04 22:00:25.264 [info] > git config --get commit.template [20ms]
2024-06-04 22:00:25.496 [info] > git status -z -uall [214ms]
2024-06-04 22:02:00.138 [info] > git show --textconv :lab01/createTestData.js [21ms]
2024-06-04 22:02:00.140 [info] > git ls-files --stage -- /home/mayank_techsorcerer/pet-theory/lab01/createTestData.js [4ms]
2024-06-04 22:02:00.159 [info] > git cat-file -s 6fae6766beac2cb94569c42b98c39b0c57860c23 [2ms]
2024-06-04 22:02:02.761 [info] > git show --textconv :lab01/customers_1000.csv [19ms]
2024-06-04 22:02:02.763 [info] > git ls-files --stage -- /home/mayank_techsorcerer/pet-theory/lab01/customers_1000.csv [3ms]
2024-06-04 22:02:03.041 [info] > git config --get commit.template [25ms]
2024-06-04 22:02:03.042 [info] > git for-each-ref --format=%(refname)%00%(upstream:short)%00%(objectname)%00%(upstream:track)%00%(upstream:remotename)%00%(upstream:remoteref) refs/heads/main refs/remotes/main [2ms]
2024-06-04 22:02:03.275 [info] > git status -z -uall [215ms]
2024-06-04 22:02:09.640 [info] > git show --textconv :lab01/importTestData.js [21ms]
2024-06-04 22:02:09.641 [info] > git ls-files --stage -- /home/mayank_techsorcerer/pet-theory/lab01/importTestData.js [3ms]
2024-06-04 22:02:09.661 [info] > git cat-file -s 6d911f56a3a845b133bb2d42a189c75a06751376 [2ms]
2024-06-04 22:04:55.101 [info] > git config --get commit.template [17ms]
2024-06-04 22:04:55.101 [info] > git for-each-ref --format=%(refname)%00%(upstream:short)%00%(objectname)%00%(upstream:track)%00%(upstream:remotename)%00%(upstream:remoteref) refs/heads/main refs/remotes/main [2ms]
2024-06-04 22:04:55.340 [info] > git status -z -uall [222ms]
2024-06-04 22:05:00.461 [info] > git config --get commit.template [20ms]
2024-06-04 22:05:00.462 [info] > git for-each-ref --format=%(refname)%00%(upstream:short)%00%(objectname)%00%(upstream:track)%00%(upstream:remotename)%00%(upstream:remoteref) refs/heads/main refs/remotes/main [2ms]
2024-06-04 22:05:00.691 [info] > git status -z -uall [213ms]
2024-06-04 22:05:28.096 [info] > git config --get commit.template [18ms]
2024-06-04 22:05:28.097 [info] > git for-each-ref --format=%(refname)%00%(upstream:short)%00%(objectname)%00%(upstream:track)%00%(upstream:remotename)%00%(upstream:remoteref) refs/heads/main refs/remotes/main [2ms]
2024-06-04 22:05:28.328 [info] > git status -z -uall [214ms]
2024-06-04 22:05:33.432 [info] > git config --get commit.template [19ms]
2024-06-04 22:05:33.433 [info] > git for-each-ref --format=%(refname)%00%(upstream:short)%00%(objectname)%00%(upstream:track)%00%(upstream:remotename)%00%(upstream:remoteref) refs/heads/main refs/remotes/main [2ms]
2024-06-04 22:05:33.667 [info] > git status -z -uall [214ms]
2024-06-04 22:06:21.650 [info] > git show --textconv :lab01/createTestData.js [22ms]
2024-06-04 22:06:21.652 [info] > git ls-files --stage -- /home/mayank_techsorcerer/pet-theory/lab01/createTestData.js [5ms]
2024-06-04 22:06:21.671 [info] > git cat-file -s 6fae6766beac2cb94569c42b98c39b0c57860c23 [2ms]
2024-06-04 22:06:25.186 [info] > git show --textconv :lab01/importTestData.js [19ms]
2024-06-04 22:06:25.188 [info] > git ls-files --stage -- /home/mayank_techsorcerer/pet-theory/lab01/importTestData.js [3ms]
2024-06-04 22:06:25.207 [info] > git cat-file -s 6d911f56a3a845b133bb2d42a189c75a06751376 [2ms]
2024-06-04 22:06:53.675 [info] > git show --textconv :lab01/createTestData.js [19ms]
2024-06-04 22:06:53.677 [info] > git ls-files --stage -- /home/mayank_techsorcerer/pet-theory/lab01/createTestData.js [3ms]
2024-06-04 22:06:53.696 [info] > git cat-file -s 6fae6766beac2cb94569c42b98c39b0c57860c23 [1ms]
2024-06-04 22:06:54.778 [info] > git show --textconv :lab01/customers_1000.csv [18ms]
2024-06-04 22:06:54.780 [info] > git ls-files --stage -- /home/mayank_techsorcerer/pet-theory/lab01/customers_1000.csv [3ms]
2024-06-04 22:06:55.467 [info] > git show --textconv :lab01/createTestData.js [18ms]
2024-06-04 22:06:55.468 [info] > git ls-files --stage -- /home/mayank_techsorcerer/pet-theory/lab01/createTestData.js [2ms]
2024-06-04 22:06:55.487 [info] > git cat-file -s 6fae6766beac2cb94569c42b98c39b0c57860c23 [1ms]
2024-06-04 22:06:55.972 [info] > git show --textconv :lab01/importTestData.js [20ms]
2024-06-04 22:06:55.976 [info] > git ls-files --stage -- /home/mayank_techsorcerer/pet-theory/lab01/importTestData.js [5ms]
2024-06-04 22:06:55.995 [info] > git cat-file -s 6d911f56a3a845b133bb2d42a189c75a06751376 [1ms]
2024-06-04 22:06:57.500 [info] > git show --textconv :lab01/createTestData.js [20ms]
2024-06-04 22:06:57.502 [info] > git ls-files --stage -- /home/mayank_techsorcerer/pet-theory/lab01/createTestData.js [5ms]
2024-06-04 22:06:57.521 [info] > git cat-file -s 6fae6766beac2cb94569c42b98c39b0c57860c23 [1ms]
2024-06-04 22:07:09.148 [info] > git show --textconv :lab01/importTestData.js [18ms]
2024-06-04 22:07:09.150 [info] > git ls-files --stage -- /home/mayank_techsorcerer/pet-theory/lab01/importTestData.js [3ms]
2024-06-04 22:07:09.169 [info] > git cat-file -s 6d911f56a3a845b133bb2d42a189c75a06751376 [2ms]
2024-06-04 22:07:42.796 [info] > git config --get commit.template [19ms]
2024-06-04 22:07:42.796 [info] > git for-each-ref --format=%(refname)%00%(upstream:short)%00%(objectname)%00%(upstream:track)%00%(upstream:remotename)%00%(upstream:remoteref) refs/heads/main refs/remotes/main [1ms]
2024-06-04 22:07:43.051 [info] > git status -z -uall [238ms]
2024-06-04 22:07:48.166 [info] > git config --get commit.template [20ms]
2024-06-04 22:07:48.167 [info] > git for-each-ref --format=%(refname)%00%(upstream:short)%00%(objectname)%00%(upstream:track)%00%(upstream:remotename)%00%(upstream:remoteref) refs/heads/main refs/remotes/main [2ms]
2024-06-04 22:07:48.517 [info] > git status -z -uall [330ms]
2024-06-04 22:07:53.620 [info] > git config --get commit.template [21ms]
2024-06-04 22:07:53.621 [info] > git for-each-ref --format=%(refname)%00%(upstream:short)%00%(objectname)%00%(upstream:track)%00%(upstream:remotename)%00%(upstream:remoteref) refs/heads/main refs/remotes/main [1ms]
2024-06-04 22:07:53.872 [info] > git status -z -uall [232ms]
2024-06-04 22:07:58.970 [info] > git config --get commit.template [21ms]
2024-06-04 22:07:58.971 [info] > git for-each-ref --format=%(refname)%00%(upstream:short)%00%(objectname)%00%(upstream:track)%00%(upstream:remotename)%00%(upstream:remoteref) refs/heads/main refs/remotes/main [2ms]
2024-06-04 22:07:59.200 [info] > git status -z -uall [209ms]
2024-06-04 22:08:04.297 [info] > git config --get commit.template [21ms]
2024-06-04 22:08:04.298 [info] > git for-each-ref --format=%(refname)%00%(upstream:short)%00%(objectname)%00%(upstream:track)%00%(upstream:remotename)%00%(upstream:remoteref) refs/heads/main refs/remotes/main [2ms]
2024-06-04 22:08:04.535 [info] > git status -z -uall [219ms]
2024-06-04 22:08:09.664 [info] > git config --get commit.template [22ms]
2024-06-04 22:08:09.665 [info] > git for-each-ref --format=%(refname)%00%(upstream:short)%00%(objectname)%00%(upstream:track)%00%(upstream:remotename)%00%(upstream:remoteref) refs/heads/main refs/remotes/main [2ms]
2024-06-04 22:08:09.895 [info] > git status -z -uall [210ms]
2024-06-04 22:08:14.973 [info] > git config --get commit.template [1ms]
2024-06-04 22:08:14.993 [info] > git for-each-ref --format=%(refname)%00%(upstream:short)%00%(objectname)%00%(upstream:track)%00%(upstream:remotename)%00%(upstream:remoteref) refs/heads/main refs/remotes/main [2ms]
2024-06-04 22:08:15.242 [info] > git status -z -uall [230ms]
2024-06-04 22:08:21.326 [info] > git config --get commit.template [21ms]
2024-06-04 22:08:21.327 [info] > git for-each-ref --format=%(refname)%00%(upstream:short)%00%(objectname)%00%(upstream:track)%00%(upstream:remotename)%00%(upstream:remoteref) refs/heads/main refs/remotes/main [1ms]
2024-06-04 22:08:21.555 [info] > git status -z -uall [209ms]
2024-06-04 22:08:26.652 [info] > git config --get commit.template [20ms]
2024-06-04 22:08:26.653 [info] > git for-each-ref --format=%(refname)%00%(upstream:short)%00%(objectname)%00%(upstream:track)%00%(upstream:remotename)%00%(upstream:remoteref) refs/heads/main refs/remotes/main [2ms]
2024-06-04 22:08:26.880 [info] > git status -z -uall [208ms]
2024-06-04 22:08:37.742 [info] > git config --get commit.template [1ms]
2024-06-04 22:08:37.764 [info] > git for-each-ref --format=%(refname)%00%(upstream:short)%00%(objectname)%00%(upstream:track)%00%(upstream:remotename)%00%(upstream:remoteref) refs/heads/main refs/remotes/main [2ms]
2024-06-04 22:08:38.000 [info] > git status -z -uall [213ms]
2024-06-04 22:08:47.065 [info] > git config --get commit.template [3ms]
2024-06-04 22:08:47.094 [info] > git for-each-ref --format=%(refname)%00%(upstream:short)%00%(objectname)%00%(upstream:track)%00%(upstream:remotename)%00%(upstream:remoteref) refs/heads/main refs/remotes/main [4ms]
2024-06-04 22:08:47.333 [info] > git status -z -uall [215ms]
2024-06-04 22:08:52.438 [info] > git config --get commit.template [21ms]
2024-06-04 22:08:52.439 [info] > git for-each-ref --format=%(refname)%00%(upstream:short)%00%(objectname)%00%(upstream:track)%00%(upstream:remotename)%00%(upstream:remoteref) refs/heads/main refs/remotes/main [2ms]
2024-06-04 22:08:52.669 [info] > git status -z -uall [210ms]
2024-06-04 22:09:25.875 [info] > git config --get commit.template [17ms]
2024-06-04 22:09:25.875 [info] > git for-each-ref --format=%(refname)%00%(upstream:short)%00%(objectname)%00%(upstream:track)%00%(upstream:remotename)%00%(upstream:remoteref) refs/heads/main refs/remotes/main [2ms]
2024-06-04 22:09:26.105 [info] > git status -z -uall [214ms]
2024-06-04 22:09:45.413 [info] > git config --get commit.template [20ms]
2024-06-04 22:09:45.414 [info] > git for-each-ref --format=%(refname)%00%(upstream:short)%00%(objectname)%00%(upstream:track)%00%(upstream:remotename)%00%(upstream:remoteref) refs/heads/main refs/remotes/main [2ms]
2024-06-04 22:09:45.673 [info] > git status -z -uall [241ms]
2024-06-04 22:09:50.779 [info] > git config --get commit.template [20ms]
2024-06-04 22:09:50.780 [info] > git for-each-ref --format=%(refname)%00%(upstream:short)%00%(objectname)%00%(upstream:track)%00%(upstream:remotename)%00%(upstream:remoteref) refs/heads/main refs/remotes/main [2ms]
2024-06-04 22:09:51.016 [info] > git status -z -uall [218ms]
2024-06-04 22:09:57.214 [info] > git config --get commit.template [20ms]
2024-06-04 22:09:57.215 [info] > git for-each-ref --format=%(refname)%00%(upstream:short)%00%(objectname)%00%(upstream:track)%00%(upstream:remotename)%00%(upstream:remoteref) refs/heads/main refs/remotes/main [2ms]
2024-06-04 22:09:57.443 [info] > git status -z -uall [209ms]
2024-06-04 22:10:09.237 [info] > git config --get commit.template [21ms]
2024-06-04 22:10:09.237 [info] > git for-each-ref --format=%(refname)%00%(upstream:short)%00%(objectname)%00%(upstream:track)%00%(upstream:remotename)%00%(upstream:remoteref) refs/heads/main refs/remotes/main [2ms]
2024-06-04 22:10:09.491 [info] > git status -z -uall [235ms]
2024-06-04 22:10:20.506 [info] > git config --get commit.template [22ms]
2024-06-04 22:10:20.507 [info] > git for-each-ref --format=%(refname)%00%(upstream:short)%00%(objectname)%00%(upstream:track)%00%(upstream:remotename)%00%(upstream:remoteref) refs/heads/main refs/remotes/main [3ms]
2024-06-04 22:10:20.736 [info] > git status -z -uall [211ms]
2024-06-04 22:10:25.833 [info] > git config --get commit.template [20ms]
2024-06-04 22:10:25.834 [info] > git for-each-ref --format=%(refname)%00%(upstream:short)%00%(objectname)%00%(upstream:track)%00%(upstream:remotename)%00%(upstream:remoteref) refs/heads/main refs/remotes/main [1ms]
2024-06-04 22:10:26.064 [info] > git status -z -uall [212ms]
2024-06-04 22:10:57.097 [info] > git config --get commit.template [21ms]
2024-06-04 22:10:57.098 [info] > git for-each-ref --format=%(refname)%00%(upstream:short)%00%(objectname)%00%(upstream:track)%00%(upstream:remotename)%00%(upstream:remoteref) refs/heads/main refs/remotes/main [3ms]
2024-06-04 22:10:57.332 [info] > git status -z -uall [218ms]
2024-06-04 22:11:02.438 [info] > git config --get commit.template [19ms]
2024-06-04 22:11:02.439 [info] > git for-each-ref --format=%(refname)%00%(upstream:short)%00%(objectname)%00%(upstream:track)%00%(upstream:remotename)%00%(upstream:remoteref) refs/heads/main refs/remotes/main [2ms]
2024-06-04 22:11:02.669 [info] > git status -z -uall [213ms]
2024-06-04 22:11:15.220 [info] > git show --textconv :lab01/createTestData.js [18ms]
2024-06-04 22:11:15.222 [info] > git ls-files --stage -- /home/mayank_techsorcerer/pet-theory/lab01/createTestData.js [3ms]
2024-06-04 22:11:15.240 [info] > git cat-file -s 6fae6766beac2cb94569c42b98c39b0c57860c23 [1ms]
2024-06-04 22:12:10.467 [info] > git config --get commit.template [19ms]
2024-06-04 22:12:10.468 [info] > git for-each-ref --format=%(refname)%00%(upstream:short)%00%(objectname)%00%(upstream:track)%00%(upstream:remotename)%00%(upstream:remoteref) refs/heads/main refs/remotes/main [2ms]
2024-06-04 22:12:10.701 [info] > git status -z -uall [215ms]
2024-06-04 22:12:18.934 [info] > git config --get commit.template [2ms]
2024-06-04 22:12:18.954 [info] > git for-each-ref --format=%(refname)%00%(upstream:short)%00%(objectname)%00%(upstream:track)%00%(upstream:remotename)%00%(upstream:remoteref) refs/heads/main refs/remotes/main [2ms]
2024-06-04 22:12:19.183 [info] > git status -z -uall [211ms]
2024-06-04 22:12:24.280 [info] > git config --get commit.template [18ms]
2024-06-04 22:12:24.281 [info] > git for-each-ref --format=%(refname)%00%(upstream:short)%00%(objectname)%00%(upstream:track)%00%(upstream:remotename)%00%(upstream:remoteref) refs/heads/main refs/remotes/main [3ms]
2024-06-04 22:12:24.505 [info] > git status -z -uall [207ms]
2024-06-04 22:12:29.602 [info] > git config --get commit.template [20ms]
2024-06-04 22:12:29.603 [info] > git for-each-ref --format=%(refname)%00%(upstream:short)%00%(objectname)%00%(upstream:track)%00%(upstream:remotename)%00%(upstream:remoteref) refs/heads/main refs/remotes/main [2ms]
2024-06-04 22:12:29.831 [info] > git status -z -uall [209ms]
2024-06-04 22:12:42.572 [info] > git config --get commit.template [2ms]
2024-06-04 22:12:42.596 [info] > git for-each-ref --format=%(refname)%00%(upstream:short)%00%(objectname)%00%(upstream:track)%00%(upstream:remotename)%00%(upstream:remoteref) refs/heads/main refs/remotes/main [2ms]
2024-06-04 22:12:42.829 [info] > git status -z -uall [215ms]
2024-06-04 22:12:47.931 [info] > git config --get commit.template [20ms]
2024-06-04 22:12:47.932 [info] > git for-each-ref --format=%(refname)%00%(upstream:short)%00%(objectname)%00%(upstream:track)%00%(upstream:remotename)%00%(upstream:remoteref) refs/heads/main refs/remotes/main [2ms]
2024-06-04 22:12:48.160 [info] > git status -z -uall [208ms]
2024-06-04 22:13:33.973 [info] > git config --get commit.template [20ms]
2024-06-04 22:13:33.975 [info] > git for-each-ref --format=%(refname)%00%(upstream:short)%00%(objectname)%00%(upstream:track)%00%(upstream:remotename)%00%(upstream:remoteref) refs/heads/main refs/remotes/main [3ms]
2024-06-04 22:13:34.207 [info] > git status -z -uall [214ms]
2024-06-04 22:13:39.316 [info] > git config --get commit.template [21ms]
2024-06-04 22:13:39.317 [info] > git for-each-ref --format=%(refname)%00%(upstream:short)%00%(objectname)%00%(upstream:track)%00%(upstream:remotename)%00%(upstream:remoteref) refs/heads/main refs/remotes/main [2ms]
2024-06-04 22:13:39.549 [info] > git status -z -uall [212ms]
2024-06-04 22:13:47.193 [info] > git config --get commit.template [22ms]
2024-06-04 22:13:47.193 [info] > git for-each-ref --format=%(refname)%00%(upstream:short)%00%(objectname)%00%(upstream:track)%00%(upstream:remotename)%00%(upstream:remoteref) refs/heads/main refs/remotes/main [2ms]
2024-06-04 22:13:47.421 [info] > git status -z -uall [209ms]
2024-06-04 22:14:05.104 [info] > git show --textconv :lab01/importTestData.js [21ms]
2024-06-04 22:14:05.106 [info] > git ls-files --stage -- /home/mayank_techsorcerer/pet-theory/lab01/importTestData.js [3ms]
2024-06-04 22:14:05.127 [info] > git cat-file -s 6d911f56a3a845b133bb2d42a189c75a06751376 [2ms]
2024-06-04 22:14:05.380 [info] > git config --get commit.template [21ms]
2024-06-04 22:14:05.381 [info] > git for-each-ref --format=%(refname)%00%(upstream:short)%00%(objectname)%00%(upstream:track)%00%(upstream:remotename)%00%(upstream:remoteref) refs/heads/main refs/remotes/main [2ms]
2024-06-04 22:14:05.630 [info] > git status -z -uall [230ms]
2024-06-04 22:14:07.194 [info] > git show --textconv :lab01/customers_1000.csv [22ms]
2024-06-04 22:14:07.195 [info] > git ls-files --stage -- /home/mayank_techsorcerer/pet-theory/lab01/customers_1000.csv [3ms]
2024-06-04 22:14:09.899 [info] > git show --textconv :lab01/importTestData.js [24ms]
2024-06-04 22:14:09.901 [info] > git ls-files --stage -- /home/mayank_techsorcerer/pet-theory/lab01/importTestData.js [4ms]
2024-06-04 22:14:09.923 [info] > git cat-file -s 6d911f56a3a845b133bb2d42a189c75a06751376 [2ms]
2024-06-04 22:14:10.752 [info] > git config --get commit.template [22ms]
2024-06-04 22:14:10.753 [info] > git for-each-ref --format=%(refname)%00%(upstream:short)%00%(objectname)%00%(upstream:track)%00%(upstream:remotename)%00%(upstream:remoteref) refs/heads/main refs/remotes/main [2ms]
2024-06-04 22:14:10.983 [info] > git status -z -uall [209ms]
2024-06-04 22:15:09.146 [info] > git show --textconv :lab01/customers_1000.csv [18ms]
2024-06-04 22:15:09.148 [info] > git ls-files --stage -- /home/mayank_techsorcerer/pet-theory/lab01/customers_1000.csv [3ms]
2024-06-04 22:15:32.682 [info] > git config --get commit.template [17ms]
2024-06-04 22:15:32.683 [info] > git for-each-ref --format=%(refname)%00%(upstream:short)%00%(objectname)%00%(upstream:track)%00%(upstream:remotename)%00%(upstream:remoteref) refs/heads/main refs/remotes/main [1ms]
2024-06-04 22:15:32.918 [info] > git status -z -uall [219ms]
2024-06-04 22:15:46.353 [info] > git config --get commit.template [19ms]
2024-06-04 22:15:46.354 [info] > git for-each-ref --format=%(refname)%00%(upstream:short)%00%(objectname)%00%(upstream:track)%00%(upstream:remotename)%00%(upstream:remoteref) refs/heads/main refs/remotes/main [2ms]
2024-06-04 22:15:46.605 [info] > git status -z -uall [234ms]
2024-06-04 22:15:51.712 [info] > git config --get commit.template [20ms]
2024-06-04 22:15:51.713 [info] > git for-each-ref --format=%(refname)%00%(upstream:short)%00%(objectname)%00%(upstream:track)%00%(upstream:remotename)%00%(upstream:remoteref) refs/heads/main refs/remotes/main [4ms]
2024-06-04 22:15:51.941 [info] > git status -z -uall [211ms]
2024-06-04 22:15:57.043 [info] > git config --get commit.template [20ms]
2024-06-04 22:15:57.044 [info] > git for-each-ref --format=%(refname)%00%(upstream:short)%00%(objectname)%00%(upstream:track)%00%(upstream:remotename)%00%(upstream:remoteref) refs/heads/main refs/remotes/main [2ms]
2024-06-04 22:15:57.274 [info] > git status -z -uall [211ms]
2024-06-04 22:16:02.365 [info] > git config --get commit.template [21ms]
2024-06-04 22:16:02.366 [info] > git for-each-ref --format=%(refname)%00%(upstream:short)%00%(objectname)%00%(upstream:track)%00%(upstream:remotename)%00%(upstream:remoteref) refs/heads/main refs/remotes/main [2ms]
2024-06-04 22:16:02.599 [info] > git status -z -uall [215ms]
2024-06-04 22:16:07.691 [info] > git config --get commit.template [20ms]
2024-06-04 22:16:07.692 [info] > git for-each-ref --format=%(refname)%00%(upstream:short)%00%(objectname)%00%(upstream:track)%00%(upstream:remotename)%00%(upstream:remoteref) refs/heads/main refs/remotes/main [1ms]
2024-06-04 22:16:07.922 [info] > git status -z -uall [212ms]
2024-06-04 22:16:13.038 [info] > git config --get commit.template [26ms]
2024-06-04 22:16:13.039 [info] > git for-each-ref --format=%(refname)%00%(upstream:short)%00%(objectname)%00%(upstream:track)%00%(upstream:remotename)%00%(upstream:remoteref) refs/heads/main refs/remotes/main [2ms]
2024-06-04 22:16:13.269 [info] > git status -z -uall [210ms]
2024-06-04 22:16:18.361 [info] > git config --get commit.template [20ms]
2024-06-04 22:16:18.362 [info] > git for-each-ref --format=%(refname)%00%(upstream:short)%00%(objectname)%00%(upstream:track)%00%(upstream:remotename)%00%(upstream:remoteref) refs/heads/main refs/remotes/main [2ms]
2024-06-04 22:16:18.592 [info] > git status -z -uall [210ms]
2024-06-04 22:18:33.178 [info] > git config --get commit.template [18ms]
2024-06-04 22:18:33.178 [info] > git for-each-ref --format=%(refname)%00%(upstream:short)%00%(objectname)%00%(upstream:track)%00%(upstream:remotename)%00%(upstream:remoteref) refs/heads/main refs/remotes/main [2ms]
2024-06-04 22:18:33.409 [info] > git status -z -uall [215ms]
2024-06-04 22:18:38.532 [info] > git config --get commit.template [19ms]
2024-06-04 22:18:38.534 [info] > git for-each-ref --format=%(refname)%00%(upstream:short)%00%(objectname)%00%(upstream:track)%00%(upstream:remotename)%00%(upstream:remoteref) refs/heads/main refs/remotes/main [2ms]
2024-06-04 22:18:38.743 [info] > git rev-parse --show-toplevel [9ms]
2024-06-04 22:18:38.743 [info] fatal: not a git repository (or any parent up to mount point /)
Stopping at filesystem boundary (GIT_DISCOVERY_ACROSS_FILESYSTEM not set).
2024-06-04 22:18:38.774 [info] > git status -z -uall [223ms]
2024-06-04 22:18:39.441 [info] > git check-ignore -v -z --stdin [12ms]
2024-06-04 22:20:28.135 [info] > git add -A -- . [1276ms]
2024-06-04 22:20:28.315 [info] > git -c user.useConfigOnly=true commit --quiet --allow-empty-message --file - [161ms]
2024-06-04 22:20:28.315 [info] Author identity unknown

*** Please tell me who you are.

Run

  git config --global user.email "you@example.com"
  git config --global user.name "Your Name"

to set your account's default identity.
Omit --global to set the identity only in this repository.

fatal: no email was given and auto-detection is disabled
2024-06-04 22:20:28.336 [info] > git config --get-all user.name [2ms]
2024-06-04 22:20:28.357 [info] > git config --get commit.template [2ms]
2024-06-04 22:20:28.377 [info] > git for-each-ref --format=%(refname)%00%(upstream:short)%00%(objectname)%00%(upstream:track)%00%(upstream:remotename)%00%(upstream:remoteref) refs/heads/main refs/remotes/main [2ms]
2024-06-04 22:20:28.425 [info] > git status -z -uall [30ms]
2024-06-04 22:20:30.079 [info] > git config --get commit.template [20ms]
2024-06-04 22:20:30.080 [info] > git for-each-ref --format=%(refname)%00%(upstream:short)%00%(objectname)%00%(upstream:track)%00%(upstream:remotename)%00%(upstream:remoteref) refs/heads/main refs/remotes/main [2ms]
2024-06-04 22:20:30.128 [info] > git status -z -uall [30ms]
2024-06-04 22:20:30.894 [info] > git ls-files --stage -- /home/mayank_techsorcerer/pet-theory/lab01/customers_1000.csv [18ms]
2024-06-04 22:20:30.921 [info] > git cat-file -s 50ab96663566105f07c424b66763f22976caa6f3 [2ms]
2024-06-04 22:20:31.675 [info] > git show --textconv :lab01/customers_1000.csv [5ms]
2024-06-04 22:21:56.802 [info] > git rev-parse --show-toplevel [1ms]
2024-06-04 22:21:56.802 [info] fatal: not a git repository (or any parent up to mount point /)
Stopping at filesystem boundary (GIT_DISCOVERY_ACROSS_FILESYSTEM not set).
2024-06-04 22:22:47.821 [info] > git rev-parse --show-toplevel [1ms]
2024-06-04 22:22:47.821 [info] fatal: not a git repository (or any parent up to mount point /)
Stopping at filesystem boundary (GIT_DISCOVERY_ACROSS_FILESYSTEM not set).
2024-06-04 22:22:50.567 [info] > git -c user.useConfigOnly=true commit --quiet --allow-empty-message --file - [15ms]
2024-06-04 22:22:50.585 [info] > git config --get commit.template [1ms]
2024-06-04 22:22:50.622 [info] > git config --get commit.template [18ms]
2024-06-04 22:22:50.623 [info] > git for-each-ref --format=%(refname)%00%(upstream:short)%00%(objectname)%00%(upstream:track)%00%(upstream:remotename)%00%(upstream:remoteref) refs/heads/main refs/remotes/main [2ms]
2024-06-04 22:22:50.664 [info] > git status -z -uall [24ms]
2024-06-04 22:22:51.777 [info] > git config --get commit.template [18ms]
2024-06-04 22:22:51.778 [info] > git for-each-ref --format=%(refname)%00%(upstream:short)%00%(objectname)%00%(upstream:track)%00%(upstream:remotename)%00%(upstream:remoteref) refs/heads/main refs/remotes/main [2ms]
2024-06-04 22:22:51.818 [info] > git status -z -uall [24ms]
2024-06-04 22:22:52.290 [info] > git ls-files --stage -- /home/mayank_techsorcerer/pet-theory/lab01/customers_1000.csv [3ms]
2024-06-04 22:22:52.308 [info] > git cat-file -s 50ab96663566105f07c424b66763f22976caa6f3 [2ms]
2024-06-04 22:22:52.396 [info] > git show --textconv :lab01/customers_1000.csv [5ms]
2024-06-04 22:23:02.587 [info] > git log --oneline --cherry main...main@{upstream} -- [3ms]
2024-06-04 22:23:02.867 [info] > git pull --tags origin main [262ms]
2024-06-04 22:23:02.867 [info] From https://github.com/rosera/pet-theory
 * branch            main       -> FETCH_HEAD
2024-06-04 22:23:04.240 [info] > git ls-files --stage -- /home/mayank_techsorcerer/pet-theory/lab01/customers_1000.csv [3ms]
2024-06-04 22:23:04.257 [info] > git cat-file -s 50ab96663566105f07c424b66763f22976caa6f3 [2ms]
2024-06-04 22:23:04.352 [info] > git show --textconv :lab01/customers_1000.csv [5ms]
2024-06-04 22:27:37.434 [info] > git push origin main:main [274550ms]
2024-06-04 22:27:37.434 [info] remote: No anonymous write access.
fatal: Authentication failed for 'https://github.com/rosera/pet-theory/'
2024-06-04 22:27:37.469 [info] > git config --get commit.template [17ms]
2024-06-04 22:27:37.471 [info] > git for-each-ref --format=%(refname)%00%(upstream:short)%00%(objectname)%00%(upstream:track)%00%(upstream:remotename)%00%(upstream:remoteref) refs/heads/main refs/remotes/main [3ms]
2024-06-04 22:27:37.512 [info] > git status -z -uall [25ms]
2024-06-04 22:27:43.006 [info] > git log --oneline --cherry main...main@{upstream} -- [4ms]
2024-06-04 22:27:43.269 [info] > git pull --tags origin main [238ms]
2024-06-04 22:27:43.269 [info] From https://github.com/rosera/pet-theory
 * branch            main       -> FETCH_HEAD
2024-06-04 22:27:44.644 [info] > git ls-files --stage -- /home/mayank_techsorcerer/pet-theory/lab01/customers_1000.csv [4ms]
2024-06-04 22:27:44.662 [info] > git cat-file -s 50ab96663566105f07c424b66763f22976caa6f3 [1ms]
2024-06-04 22:27:44.744 [info] > git show --textconv :lab01/customers_1000.csv [5ms]
2024-06-04 22:29:37.298 [info] > git push origin main:main [114013ms]
2024-06-04 22:29:37.298 [info] remote: Permission to rosera/pet-theory.git denied to Mayankp11.
fatal: unable to access 'https://github.com/rosera/pet-theory/': The requested URL returned error: 403
2024-06-04 22:29:46.115 [info] > git remote rename origin upstream [178ms]
2024-06-04 22:29:46.136 [info] > git config --get commit.template [3ms]
2024-06-04 22:29:46.156 [info] > git for-each-ref --format=%(refname)%00%(upstream:short)%00%(objectname)%00%(upstream:track)%00%(upstream:remotename)%00%(upstream:remoteref) refs/heads/main refs/remotes/main [3ms]
2024-06-04 22:29:46.197 [info] > git status -z -uall [24ms]
2024-06-04 22:29:46.225 [info] > git remote add origin https://github.com/Mayankp11/pet-theory.git [4ms]
2024-06-04 22:29:46.262 [info] > git config --get commit.template [18ms]
2024-06-04 22:29:46.264 [info] > git for-each-ref --format=%(refname)%00%(upstream:short)%00%(objectname)%00%(upstream:track)%00%(upstream:remotename)%00%(upstream:remoteref) refs/heads/main refs/remotes/main [2ms]
2024-06-04 22:29:46.305 [info] > git status -z -uall [25ms]
2024-06-04 22:29:46.963 [info] > git fetch origin main [638ms]
2024-06-04 22:29:46.963 [info] From https://github.com/Mayankp11/pet-theory
 * branch            main       -> FETCH_HEAD
 * [new branch]      main       -> origin/main
2024-06-04 22:29:47.001 [info] > git config --get commit.template [19ms]
2024-06-04 22:29:47.002 [info] > git for-each-ref --format=%(refname)%00%(upstream:short)%00%(objectname)%00%(upstream:track)%00%(upstream:remotename)%00%(upstream:remoteref) refs/heads/main refs/remotes/main [2ms]
2024-06-04 22:29:47.044 [info] > git status -z -uall [24ms]
2024-06-04 22:29:47.068 [info] > git branch --set-upstream-to origin/main main [4ms]
2024-06-04 22:29:47.105 [info] > git config --get commit.template [19ms]
2024-06-04 22:29:47.107 [info] > git for-each-ref --format=%(refname)%00%(upstream:short)%00%(objectname)%00%(upstream:track)%00%(upstream:remotename)%00%(upstream:remoteref) refs/heads/main refs/remotes/main [2ms]
2024-06-04 22:29:47.149 [info] > git status -z -uall [25ms]
2024-06-04 22:29:48.557 [info] > git ls-files --stage -- /home/mayank_techsorcerer/pet-theory/lab01/customers_1000.csv [4ms]
2024-06-04 22:29:48.576 [info] > git cat-file -s 50ab96663566105f07c424b66763f22976caa6f3 [1ms]
2024-06-04 22:29:48.658 [info] > git show --textconv :lab01/customers_1000.csv [5ms]
2024-06-04 22:29:51.477 [info] > git push -u origin main [4305ms]
2024-06-04 22:29:51.477 [info] To https://github.com/Mayankp11/pet-theory.git
   c85b1d0..23f927c  main -> main
2024-06-04 22:29:51.513 [info] > git config --get commit.template [19ms]
2024-06-04 22:29:51.514 [info] > git for-each-ref --format=%(refname)%00%(upstream:short)%00%(objectname)%00%(upstream:track)%00%(upstream:remotename)%00%(upstream:remoteref) refs/heads/main refs/remotes/main [2ms]
2024-06-04 22:29:51.557 [info] > git status -z -uall [25ms]
2024-06-04 22:29:51.602 [info] > git config --get commit.template [19ms]
2024-06-04 22:29:51.603 [info] > git for-each-ref --format=%(refname)%00%(upstream:short)%00%(objectname)%00%(upstream:track)%00%(upstream:remotename)%00%(upstream:remoteref) refs/heads/main refs/remotes/main [3ms]
2024-06-04 22:29:51.644 [info] > git status -z -uall [24ms]
2024-06-04 22:29:52.868 [info] > git config --get commit.template [19ms]
2024-06-04 22:29:52.870 [info] > git for-each-ref --format=%(refname)%00%(upstream:short)%00%(objectname)%00%(upstream:track)%00%(upstream:remotename)%00%(upstream:remoteref) refs/heads/main refs/remotes/main [3ms]
2024-06-04 22:29:52.912 [info] > git status -z -uall [25ms]
2024-06-04 22:29:53.025 [info] > git ls-files --stage -- /home/mayank_techsorcerer/pet-theory/lab01/customers_1000.csv [5ms]
2024-06-04 22:29:53.047 [info] > git cat-file -s 50ab96663566105f07c424b66763f22976caa6f3 [2ms]
2024-06-04 22:29:53.123 [info] > git show --textconv :lab01/customers_1000.csv [5ms]
2024-06-04 22:30:05.747 [info] > git rev-parse --show-toplevel [3ms]
2024-06-04 22:30:05.747 [info] fatal: not a git repository (or any parent up to mount point /)
Stopping at filesystem boundary (GIT_DISCOVERY_ACROSS_FILESYSTEM not set).
2024-06-04 22:30:05.960 [info] > git fetch [234ms]
2024-06-04 22:30:05.960 [info] From https://github.com/Mayankp11/pet-theory
 * [new branch]      dependabot/npm_and_yarn/lab11/babel/traverse-7.23.9 -> origin/dependabot/npm_and_yarn/lab11/babel/traverse-7.23.9
 * [new branch]      dependabot/npm_and_yarn/lab11/browserify-sign-4.2.2 -> origin/dependabot/npm_and_yarn/lab11/browserify-sign-4.2.2
 * [new branch]      dependabot/npm_and_yarn/lab11/decode-uri-component-0.2.2 -> origin/dependabot/npm_and_yarn/lab11/decode-uri-component-0.2.2
 * [new branch]      dependabot/npm_and_yarn/lab11/json5-1.0.2 -> origin/dependabot/npm_and_yarn/lab11/json5-1.0.2
 * [new branch]      gsp328-develop -> origin/gsp328-develop
 * [new branch]      lab07-fix      -> origin/lab07-fix
 * [new branch]      rosera-patch-1 -> origin/rosera-patch-1
 * [new branch]      rosera-patch-2 -> origin/rosera-patch-2
2024-06-04 22:30:05.998 [info] > git config --get commit.template [19ms]
2024-06-04 22:30:05.999 [info] > git for-each-ref --format=%(refname)%00%(upstream:short)%00%(objectname)%00%(upstream:track)%00%(upstream:remotename)%00%(upstream:remoteref) refs/heads/main refs/remotes/main [2ms]
2024-06-04 22:30:06.041 [info] > git status -z -uall [25ms]
2024-06-04 22:30:07.271 [info] > git config --get commit.template [17ms]
2024-06-04 22:30:07.272 [info] > git for-each-ref --format=%(refname)%00%(upstream:short)%00%(objectname)%00%(upstream:track)%00%(upstream:remotename)%00%(upstream:remoteref) refs/heads/main refs/remotes/main [2ms]
2024-06-04 22:30:07.313 [info] > git status -z -uall [25ms]
2024-06-04 22:30:07.437 [info] > git ls-files --stage -- /home/mayank_techsorcerer/pet-theory/lab01/customers_1000.csv [3ms]
2024-06-04 22:30:07.458 [info] > git cat-file -s 50ab96663566105f07c424b66763f22976caa6f3 [3ms]
2024-06-04 22:30:07.538 [info] > git show --textconv :lab01/customers_1000.csv [5ms]
