0 verbose cli /usr/local/nvm/versions/node/v20.13.0/bin/node /usr/local/nvm/versions/node/v20.13.0/bin/npm
1 info using npm@10.7.0
2 info using node@v20.13.0
3 silly config:load:file:/usr/local/nvm/versions/node/v20.13.0/lib/node_modules/npm/npmrc
4 silly config:load:file:/home/mayank_techsorcerer/pet-theory/lab01/.npmrc
5 silly config:load:file:/home/mayank_techsorcerer/.npmrc
6 silly config:load:file:/usr/local/nvm/versions/node/v20.13.0/etc/npmrc
7 verbose title npm install @google-cloud/logging
8 verbose argv "install" "@google-cloud/logging"
9 verbose logfile logs-max:10 dir:/home/mayank_techsorcerer/.npm/_logs/2024-06-04T21_53_53_028Z-
10 verbose logfile /home/mayank_techsorcerer/.npm/_logs/2024-06-04T21_53_53_028Z-debug-0.log
11 silly logfile done cleaning log files
12 silly idealTree buildDeps
13 silly fetch manifest @google-cloud/logging@*
14 http fetch GET 200 https://registry.npmjs.org/@google-cloud%2flogging 254ms (cache miss)
15 silly placeDep ROOT @google-cloud/logging@11.1.0 OK for: lab01@1.0.0 want: *
16 silly fetch manifest @google-cloud/common@^5.0.0
17 silly fetch manifest @google-cloud/paginator@^5.0.0
18 silly fetch manifest @google-cloud/projectify@^4.0.0
19 http fetch GET 200 https://registry.npmjs.org/@google-cloud%2fcommon 84ms (cache miss)
20 silly fetch manifest @google-cloud/promisify@^4.0.0
21 http fetch GET 200 https://registry.npmjs.org/@google-cloud%2fpaginator 125ms (cache miss)
22 silly fetch manifest arrify@^2.0.1
23 http fetch GET 200 https://registry.npmjs.org/@google-cloud%2fprojectify 145ms (cache miss)
24 silly fetch manifest dot-prop@^6.0.0
25 http fetch GET 200 https://registry.npmjs.org/@google-cloud%2fpromisify 80ms (cache miss)
26 silly fetch manifest eventid@^2.0.0
27 http fetch GET 200 https://registry.npmjs.org/dot-prop 38ms (cache miss)
28 silly fetch manifest on-finished@^2.3.0
29 http fetch GET 200 https://registry.npmjs.org/arrify 68ms (cache miss)
30 silly fetch manifest pumpify@^2.0.1
31 http fetch GET 200 https://registry.npmjs.org/eventid 43ms (cache miss)
32 http fetch GET 200 https://registry.npmjs.org/pumpify 40ms (cache miss)
33 http fetch GET 200 https://registry.npmjs.org/on-finished 62ms (cache miss)
34 silly placeDep ROOT @google-cloud/common@5.0.2 OK for: @google-cloud/logging@11.1.0 want: ^5.0.0
35 silly placeDep ROOT @google-cloud/paginator@5.0.2 OK for: @google-cloud/logging@11.1.0 want: ^5.0.0
36 silly placeDep ROOT @google-cloud/projectify@4.0.0 OK for: @google-cloud/logging@11.1.0 want: ^4.0.0
37 silly placeDep ROOT @google-cloud/promisify@4.0.0 OK for: @google-cloud/logging@11.1.0 want: ^4.0.0
38 silly placeDep ROOT arrify@2.0.1 OK for: @google-cloud/logging@11.1.0 want: ^2.0.1
39 silly placeDep ROOT dot-prop@6.0.1 OK for: @google-cloud/logging@11.1.0 want: ^6.0.0
40 silly placeDep ROOT eventid@2.0.1 OK for: @google-cloud/logging@11.1.0 want: ^2.0.0
41 silly placeDep ROOT on-finished@2.4.1 OK for: @google-cloud/logging@11.1.0 want: ^2.3.0
42 silly placeDep ROOT pumpify@2.0.1 OK for: @google-cloud/logging@11.1.0 want: ^2.0.1
43 silly fetch manifest html-entities@^2.5.2
44 silly fetch manifest arrify@^2.0.0
45 silly fetch manifest is-obj@^2.0.0
46 silly fetch manifest uuid@^8.0.0
47 http fetch GET 200 https://registry.npmjs.org/uuid 15ms (cache hit)
48 silly fetch manifest ee-first@1.1.1
49 http fetch GET 200 https://registry.npmjs.org/html-entities 65ms (cache miss)
50 silly fetch manifest pump@^3.0.0
51 http fetch GET 200 https://registry.npmjs.org/is-obj 71ms (cache miss)
52 http fetch GET 200 https://registry.npmjs.org/ee-first 52ms (cache miss)
53 http fetch GET 200 https://registry.npmjs.org/pump 52ms (cache miss)
54 silly placeDep ROOT html-entities@2.5.2 OK for: @google-cloud/common@5.0.2 want: ^2.5.2
55 silly placeDep ROOT is-obj@2.0.0 OK for: dot-prop@6.0.1 want: ^2.0.0
56 silly placeDep node_modules/eventid uuid@8.3.2 OK for: eventid@2.0.1 want: ^8.0.0
57 silly placeDep ROOT ee-first@1.1.1 OK for: on-finished@2.4.1 want: 1.1.1
58 silly placeDep ROOT pump@3.0.0 OK for: pumpify@2.0.1 want: ^3.0.0
59 silly reify moves {}
60 silly audit bulk request {
60 silly audit   '@google-cloud/firestore': [ '7.8.0' ],
60 silly audit   '@grpc/grpc-js': [ '1.10.8' ],
60 silly audit   '@grpc/proto-loader': [ '0.7.13' ],
60 silly audit   '@js-sdsl/ordered-map': [ '4.4.2' ],
60 silly audit   '@protobufjs/aspromise': [ '1.1.2' ],
60 silly audit   '@protobufjs/base64': [ '1.1.2' ],
60 silly audit   '@protobufjs/codegen': [ '2.0.4' ],
60 silly audit   '@protobufjs/eventemitter': [ '1.1.0' ],
60 silly audit   '@protobufjs/fetch': [ '1.1.0' ],
60 silly audit   '@protobufjs/float': [ '1.0.2' ],
60 silly audit   '@protobufjs/inquire': [ '1.1.0' ],
60 silly audit   '@protobufjs/path': [ '1.1.2' ],
60 silly audit   '@protobufjs/pool': [ '1.1.0' ],
60 silly audit   '@protobufjs/utf8': [ '1.1.0' ],
60 silly audit   '@tootallnate/once': [ '2.0.0' ],
60 silly audit   '@types/caseless': [ '0.12.5' ],
60 silly audit   '@types/long': [ '4.0.2' ],
60 silly audit   '@types/node': [ '20.14.1' ],
60 silly audit   '@types/request': [ '2.48.12' ],
60 silly audit   '@types/tough-cookie': [ '4.0.5' ],
60 silly audit   'abort-controller': [ '3.0.0' ],
60 silly audit   'agent-base': [ '7.1.1', '6.0.2' ],
60 silly audit   'ansi-regex': [ '5.0.1' ],
60 silly audit   'ansi-styles': [ '4.3.0' ],
60 silly audit   asynckit: [ '0.4.0' ],
60 silly audit   'base64-js': [ '1.5.1' ],
60 silly audit   'bignumber.js': [ '9.1.2' ],
60 silly audit   'buffer-equal-constant-time': [ '1.0.1' ],
60 silly audit   cliui: [ '8.0.1' ],
60 silly audit   'color-convert': [ '2.0.1' ],
60 silly audit   'color-name': [ '1.1.4' ],
60 silly audit   'combined-stream': [ '1.0.8' ],
60 silly audit   'csv-parse': [ '5.5.6' ],
60 silly audit   debug: [ '4.3.5' ],
60 silly audit   'delayed-stream': [ '1.0.0' ],
60 silly audit   duplexify: [ '4.1.3' ],
60 silly audit   'ecdsa-sig-formatter': [ '1.0.11' ],
60 silly audit   'emoji-regex': [ '8.0.0' ],
60 silly audit   'end-of-stream': [ '1.4.4' ],
60 silly audit   escalade: [ '3.1.2' ],
60 silly audit   'event-target-shim': [ '5.0.1' ],
60 silly audit   extend: [ '3.0.2' ],
60 silly audit   'fast-deep-equal': [ '3.1.3' ],
60 silly audit   'form-data': [ '2.5.1' ],
60 silly audit   'functional-red-black-tree': [ '1.0.1' ],
60 silly audit   gaxios: [ '6.6.0' ],
60 silly audit   'gcp-metadata': [ '6.1.0' ],
60 silly audit   'get-caller-file': [ '2.0.5' ],
60 silly audit   'google-auth-library': [ '9.10.0' ],
60 silly audit   'google-gax': [ '4.3.5' ],
60 silly audit   gtoken: [ '7.1.0' ],
60 silly audit   'http-proxy-agent': [ '5.0.0' ],
60 silly audit   'https-proxy-agent': [ '7.0.4', '5.0.1' ],
60 silly audit   inherits: [ '2.0.4' ],
60 silly audit   'is-fullwidth-code-point': [ '3.0.0' ],
60 silly audit   'is-stream': [ '2.0.1' ],
60 silly audit   'json-bigint': [ '1.0.0' ],
60 silly audit   jwa: [ '2.0.0' ],
60 silly audit   jws: [ '4.0.0' ],
60 silly audit   'lodash.camelcase': [ '4.3.0' ],
60 silly audit   long: [ '5.2.3' ],
60 silly audit   'mime-db': [ '1.52.0' ],
60 silly audit   'mime-types': [ '2.1.35' ],
60 silly audit   ms: [ '2.1.2' ],
60 silly audit   'node-fetch': [ '2.7.0' ],
60 silly audit   'object-hash': [ '3.0.0' ],
60 silly audit   once: [ '1.4.0' ],
60 silly audit   'proto3-json-serializer': [ '2.0.2' ],
60 silly audit   protobufjs: [ '7.3.0' ],
60 silly audit   'readable-stream': [ '3.6.2' ],
60 silly audit   'require-directory': [ '2.1.1' ],
60 silly audit   'retry-request': [ '7.0.2' ],
60 silly audit   'safe-buffer': [ '5.2.1' ],
60 silly audit   'stream-events': [ '1.0.5' ],
60 silly audit   'stream-shift': [ '1.0.3' ],
60 silly audit   string_decoder: [ '1.3.0' ],
60 silly audit   'string-width': [ '4.2.3' ],
60 silly audit   'strip-ansi': [ '6.0.1' ],
60 silly audit   stubs: [ '3.0.0' ],
60 silly audit   'teeny-request': [ '9.0.0' ],
60 silly audit   tr46: [ '0.0.3' ],
60 silly audit   'undici-types': [ '5.26.5' ],
60 silly audit   'util-deprecate': [ '1.0.2' ],
60 silly audit   uuid: [ '9.0.1', '8.3.2' ],
60 silly audit   'webidl-conversions': [ '3.0.1' ],
60 silly audit   'whatwg-url': [ '5.0.0' ],
60 silly audit   'wrap-ansi': [ '7.0.0' ],
60 silly audit   wrappy: [ '1.0.2' ],
60 silly audit   y18n: [ '5.0.8' ],
60 silly audit   yargs: [ '17.7.2' ],
60 silly audit   'yargs-parser': [ '21.1.1' ],
60 silly audit   '@google-cloud/logging': [ '11.1.0' ],
60 silly audit   '@google-cloud/common': [ '5.0.2' ],
60 silly audit   '@google-cloud/paginator': [ '5.0.2' ],
60 silly audit   '@google-cloud/projectify': [ '4.0.0' ],
60 silly audit   '@google-cloud/promisify': [ '4.0.0' ],
60 silly audit   arrify: [ '2.0.1' ],
60 silly audit   'dot-prop': [ '6.0.1' ],
60 silly audit   eventid: [ '2.0.1' ],
60 silly audit   'on-finished': [ '2.4.1' ],
60 silly audit   pumpify: [ '2.0.1' ],
60 silly audit   'html-entities': [ '2.5.2' ],
60 silly audit   'is-obj': [ '2.0.0' ],
60 silly audit   'ee-first': [ '1.1.1' ],
60 silly audit   pump: [ '3.0.0' ]
60 silly audit }
61 silly tarball no local data for pump@https://registry.npmjs.org/pump/-/pump-3.0.0.tgz. Extracting by manifest.
62 silly tarball no local data for ee-first@https://registry.npmjs.org/ee-first/-/ee-first-1.1.1.tgz. Extracting by manifest.
63 silly tarball no local data for is-obj@https://registry.npmjs.org/is-obj/-/is-obj-2.0.0.tgz. Extracting by manifest.
64 silly tarball no local data for html-entities@https://registry.npmjs.org/html-entities/-/html-entities-2.5.2.tgz. Extracting by manifest.
65 silly tarball no local data for on-finished@https://registry.npmjs.org/on-finished/-/on-finished-2.4.1.tgz. Extracting by manifest.
66 silly tarball no local data for pumpify@https://registry.npmjs.org/pumpify/-/pumpify-2.0.1.tgz. Extracting by manifest.
67 silly tarball no local data for eventid@https://registry.npmjs.org/eventid/-/eventid-2.0.1.tgz. Extracting by manifest.
68 silly tarball no local data for dot-prop@https://registry.npmjs.org/dot-prop/-/dot-prop-6.0.1.tgz. Extracting by manifest.
69 silly tarball no local data for arrify@https://registry.npmjs.org/arrify/-/arrify-2.0.1.tgz. Extracting by manifest.
70 silly tarball no local data for @google-cloud/promisify@https://registry.npmjs.org/@google-cloud/promisify/-/promisify-4.0.0.tgz. Extracting by manifest.
71 silly tarball no local data for @google-cloud/paginator@https://registry.npmjs.org/@google-cloud/paginator/-/paginator-5.0.2.tgz. Extracting by manifest.
72 silly tarball no local data for @google-cloud/projectify@https://registry.npmjs.org/@google-cloud/projectify/-/projectify-4.0.0.tgz. Extracting by manifest.
73 silly tarball no local data for @google-cloud/common@https://registry.npmjs.org/@google-cloud/common/-/common-5.0.2.tgz. Extracting by manifest.
74 silly tarball no local data for @google-cloud/logging@https://registry.npmjs.org/@google-cloud/logging/-/logging-11.1.0.tgz. Extracting by manifest.
75 silly tarball no local data for uuid@https://registry.npmjs.org/uuid/-/uuid-8.3.2.tgz. Extracting by manifest.
76 http fetch POST 200 https://registry.npmjs.org/-/npm/v1/security/advisories/bulk 137ms
77 silly audit report {}
78 http fetch GET 200 https://registry.npmjs.org/ee-first/-/ee-first-1.1.1.tgz 125ms (cache miss)
79 http fetch GET 200 https://registry.npmjs.org/pump/-/pump-3.0.0.tgz 127ms (cache miss)
80 http fetch GET 200 https://registry.npmjs.org/pumpify/-/pumpify-2.0.1.tgz 144ms (cache miss)
81 http fetch GET 200 https://registry.npmjs.org/dot-prop/-/dot-prop-6.0.1.tgz 181ms (cache miss)
82 http fetch GET 200 https://registry.npmjs.org/arrify/-/arrify-2.0.1.tgz 204ms (cache miss)
83 http fetch GET 200 https://registry.npmjs.org/on-finished/-/on-finished-2.4.1.tgz 213ms (cache miss)
84 http fetch GET 200 https://registry.npmjs.org/eventid/-/eventid-2.0.1.tgz 212ms (cache miss)
85 http fetch GET 200 https://registry.npmjs.org/is-obj/-/is-obj-2.0.0.tgz 220ms (cache miss)
86 http fetch GET 200 https://registry.npmjs.org/uuid/-/uuid-8.3.2.tgz 225ms (cache miss)
87 http fetch GET 200 https://registry.npmjs.org/@google-cloud/projectify/-/projectify-4.0.0.tgz 230ms (cache miss)
88 http fetch GET 200 https://registry.npmjs.org/@google-cloud/promisify/-/promisify-4.0.0.tgz 235ms (cache miss)
89 http fetch GET 200 https://registry.npmjs.org/@google-cloud/paginator/-/paginator-5.0.2.tgz 242ms (cache miss)
90 http fetch GET 200 https://registry.npmjs.org/@google-cloud/common/-/common-5.0.2.tgz 253ms (cache miss)
91 http fetch GET 200 https://registry.npmjs.org/html-entities/-/html-entities-2.5.2.tgz 266ms (cache miss)
92 http fetch GET 200 https://registry.npmjs.org/@google-cloud/logging/-/logging-11.1.0.tgz 325ms (cache miss)
93 silly ADD node_modules/pump
94 silly ADD node_modules/ee-first
95 silly ADD node_modules/is-obj
96 silly ADD node_modules/html-entities
97 silly ADD node_modules/pumpify
98 silly ADD node_modules/on-finished
99 silly ADD node_modules/eventid
100 silly ADD node_modules/eventid/node_modules/uuid
101 silly ADD node_modules/dot-prop
102 silly ADD node_modules/arrify
103 silly ADD node_modules/@google-cloud/promisify
104 silly ADD node_modules/@google-cloud/projectify
105 silly ADD node_modules/@google-cloud/paginator
106 silly ADD node_modules/@google-cloud/common
107 silly ADD node_modules/@google-cloud/logging
108 verbose exit 0
109 info ok
