Initializing document watcher...
Document watcher initialized
/User/settings.json: Using EditorConfig core...
mayank_techsorcerer/pet-theory/lab01/package.json: {}
mayank_techsorcerer/pet-theory/lab01/package.json: {}
mayank_techsorcerer/pet-theory/lab01/package.json: {}
mayank_techsorcerer/pet-theory/lab01/importTestData.js: {}
mayank_techsorcerer/pet-theory/lab01/package.json: {}
mayank_techsorcerer/pet-theory/lab01/package-lock.json: {}
mayank_techsorcerer/pet-theory/lab01/importTestData.js: {}
mayank_techsorcerer/pet-theory/lab01/importTestData.js: {}
mayank_techsorcerer/pet-theory/lab01/importTestData.js: Using EditorConfig core...
mayank_techsorcerer/pet-theory/lab01/importTestData.js: Using EditorConfig core...
mayank_techsorcerer/pet-theory/lab01/importTestData.js: {}
mayank_techsorcerer/pet-theory/lab01/importTestData.js: {}
mayank_techsorcerer/pet-theory/lab01/importTestData.js: Using EditorConfig core...
mayank_techsorcerer/pet-theory/lab01/importTestData.js: Using EditorConfig core...
mayank_techsorcerer/pet-theory/lab01/importTestData.js: {}
mayank_techsorcerer/pet-theory/lab01/importTestData.js: Using EditorConfig core...
mayank_techsorcerer/pet-theory/lab01/importTestData.js: Using EditorConfig core...
mayank_techsorcerer/pet-theory/lab01/importTestData.js: Using EditorConfig core...
mayank_techsorcerer/pet-theory/lab01/importTestData.js: Using EditorConfig core...
mayank_techsorcerer/pet-theory/lab01/importTestData.js: Using EditorConfig core...
mayank_techsorcerer/pet-theory/lab01/importTestData.js: Using EditorConfig core...
mayank_techsorcerer/pet-theory/lab01/importTestData.js: Using EditorConfig core...
mayank_techsorcerer/pet-theory/lab01/importTestData.js: Using EditorConfig core...
mayank_techsorcerer/pet-theory/lab01/importTestData.js: {}
mayank_techsorcerer/pet-theory/lab01/importTestData.js: Using EditorConfig core...
mayank_techsorcerer/pet-theory/lab01/importTestData.js: Using EditorConfig core...
mayank_techsorcerer/pet-theory/lab01/importTestData.js: {}
mayank_techsorcerer/pet-theory/lab01/importTestData.js: Using EditorConfig core...
mayank_techsorcerer/pet-theory/lab01/importTestData.js: Using EditorConfig core...
mayank_techsorcerer/pet-theory/lab01/importTestData.js: {}
mayank_techsorcerer/pet-theory/lab01/importTestData.js: Using EditorConfig core...
mayank_techsorcerer/pet-theory/lab01/importTestData.js: Using EditorConfig core...
mayank_techsorcerer/pet-theory/lab01/importTestData.js: Using EditorConfig core...
mayank_techsorcerer/pet-theory/lab01/importTestData.js: {}
mayank_techsorcerer/pet-theory/lab01/importTestData.js: {}
mayank_techsorcerer/pet-theory/lab01/createTestData.js: {}
mayank_techsorcerer/pet-theory/lab01/createTestData.js: {}
mayank_techsorcerer/pet-theory/lab01/createTestData.js: Using EditorConfig core...
mayank_techsorcerer/pet-theory/lab01/createTestData.js: Using EditorConfig core...
mayank_techsorcerer/pet-theory/lab01/createTestData.js: {}
mayank_techsorcerer/pet-theory/lab01/createTestData.js: Using EditorConfig core...
mayank_techsorcerer/pet-theory/lab01/createTestData.js: {}
mayank_techsorcerer/pet-theory/lab01/createTestData.js: {}
mayank_techsorcerer/pet-theory/lab01/createTestData.js: Using EditorConfig core...
mayank_techsorcerer/pet-theory/lab01/createTestData.js: {}
mayank_techsorcerer/pet-theory/lab01/createTestData.js: Using EditorConfig core...
mayank_techsorcerer/pet-theory/lab01/createTestData.js: {}
mayank_techsorcerer/pet-theory/lab01/createTestData.js: Using EditorConfig core...
mayank_techsorcerer/pet-theory/lab01/createTestData.js: {}
mayank_techsorcerer/pet-theory/lab01/customers_1000.csv: {}
mayank_techsorcerer/pet-theory/lab01/customers_1000.csv: {}
mayank_techsorcerer/pet-theory/lab01/customers_1000.csv: {}
mayank_techsorcerer/pet-theory/lab01/createTestData.js: {}
mayank_techsorcerer/pet-theory/lab01/createTestData.js: {}
mayank_techsorcerer/pet-theory/lab01/createTestData.js: Using EditorConfig core...
mayank_techsorcerer/pet-theory/lab01/customers_1000.csv: {}
mayank_techsorcerer/pet-theory/lab01/importTestData.js: {}
mayank_techsorcerer/pet-theory/lab01/importTestData.js: Using EditorConfig core...
mayank_techsorcerer/pet-theory/lab01/importTestData.js: {}
mayank_techsorcerer/pet-theory/lab01/importTestData.js: {}
mayank_techsorcerer/pet-theory/lab01/importTestData.js: Using EditorConfig core...
mayank_techsorcerer/pet-theory/lab01/importTestData.js: Using EditorConfig core...
mayank_techsorcerer/pet-theory/lab01/importTestData.js: {}
mayank_techsorcerer/pet-theory/lab01/importTestData.js: {}
mayank_techsorcerer/pet-theory/lab01/createTestData.js: {}
mayank_techsorcerer/pet-theory/lab01/createTestData.js: {}
mayank_techsorcerer/pet-theory/lab01/importTestData.js: {}
mayank_techsorcerer/pet-theory/lab01/createTestData.js: {}
mayank_techsorcerer/pet-theory/lab01/customers_1000.csv: {}
mayank_techsorcerer/pet-theory/lab01/createTestData.js: {}
mayank_techsorcerer/pet-theory/lab01/importTestData.js: {}
mayank_techsorcerer/pet-theory/lab01/createTestData.js: {}
mayank_techsorcerer/pet-theory/lab01/importTestData.js: {}
mayank_techsorcerer/pet-theory/lab01/importTestData.js: Using EditorConfig core...
mayank_techsorcerer/pet-theory/lab01/importTestData.js: Using EditorConfig core...
mayank_techsorcerer/pet-theory/lab01/importTestData.js: Using EditorConfig core...
mayank_techsorcerer/pet-theory/lab01/importTestData.js: Using EditorConfig core...
mayank_techsorcerer/pet-theory/lab01/importTestData.js: Using EditorConfig core...
mayank_techsorcerer/pet-theory/lab01/importTestData.js: Using EditorConfig core...
mayank_techsorcerer/pet-theory/lab01/importTestData.js: Using EditorConfig core...
mayank_techsorcerer/pet-theory/lab01/importTestData.js: Using EditorConfig core...
mayank_techsorcerer/pet-theory/lab01/importTestData.js: Using EditorConfig core...
mayank_techsorcerer/pet-theory/lab01/importTestData.js: Using EditorConfig core...
mayank_techsorcerer/pet-theory/lab01/importTestData.js: Using EditorConfig core...
mayank_techsorcerer/pet-theory/lab01/importTestData.js: Using EditorConfig core...
mayank_techsorcerer/pet-theory/lab01/importTestData.js: Using EditorConfig core...
mayank_techsorcerer/pet-theory/lab01/importTestData.js: {}
mayank_techsorcerer/pet-theory/lab01/importTestData.js: Using EditorConfig core...
mayank_techsorcerer/pet-theory/lab01/importTestData.js: Using EditorConfig core...
mayank_techsorcerer/pet-theory/lab01/importTestData.js: {}
mayank_techsorcerer/pet-theory/lab01/importTestData.js: Using EditorConfig core...
mayank_techsorcerer/pet-theory/lab01/importTestData.js: Using EditorConfig core...
mayank_techsorcerer/pet-theory/lab01/importTestData.js: {}
mayank_techsorcerer/pet-theory/lab01/importTestData.js: Using EditorConfig core...
mayank_techsorcerer/pet-theory/lab01/importTestData.js: Using EditorConfig core...
mayank_techsorcerer/pet-theory/lab01/importTestData.js: Using EditorConfig core...
mayank_techsorcerer/pet-theory/lab01/importTestData.js: Using EditorConfig core...
mayank_techsorcerer/pet-theory/lab01/importTestData.js: Using EditorConfig core...
mayank_techsorcerer/pet-theory/lab01/importTestData.js: {}
mayank_techsorcerer/pet-theory/lab01/importTestData.js: Using EditorConfig core...
mayank_techsorcerer/pet-theory/lab01/importTestData.js: Using EditorConfig core...
mayank_techsorcerer/pet-theory/lab01/importTestData.js: {}
mayank_techsorcerer/pet-theory/lab01/importTestData.js: Using EditorConfig core...
mayank_techsorcerer/pet-theory/lab01/importTestData.js: Using EditorConfig core...
mayank_techsorcerer/pet-theory/lab01/importTestData.js: {}
mayank_techsorcerer/pet-theory/lab01/importTestData.js: Using EditorConfig core...
mayank_techsorcerer/pet-theory/lab01/importTestData.js: Using EditorConfig core...
mayank_techsorcerer/pet-theory/lab01/importTestData.js: Using EditorConfig core...
mayank_techsorcerer/pet-theory/lab01/createTestData.js: {}
mayank_techsorcerer/pet-theory/lab01/createTestData.js: {}
mayank_techsorcerer/pet-theory/lab01/createTestData.js: {}
mayank_techsorcerer/pet-theory/lab01/createTestData.js: {}
mayank_techsorcerer/pet-theory/lab01/createTestData.js: Using EditorConfig core...
mayank_techsorcerer/pet-theory/lab01/createTestData.js: {}
mayank_techsorcerer/pet-theory/lab01/createTestData.js: Using EditorConfig core...
mayank_techsorcerer/pet-theory/lab01/createTestData.js: Using EditorConfig core...
mayank_techsorcerer/pet-theory/lab01/createTestData.js: Using EditorConfig core...
mayank_techsorcerer/pet-theory/lab01/createTestData.js: Using EditorConfig core...
mayank_techsorcerer/pet-theory/lab01/createTestData.js: Using EditorConfig core...
mayank_techsorcerer/pet-theory/lab01/createTestData.js: {}
mayank_techsorcerer/pet-theory/lab01/createTestData.js: Using EditorConfig core...
mayank_techsorcerer/pet-theory/lab01/createTestData.js: Using EditorConfig core...
mayank_techsorcerer/pet-theory/lab01/createTestData.js: {}
mayank_techsorcerer/pet-theory/lab01/createTestData.js: Using EditorConfig core...
mayank_techsorcerer/pet-theory/lab01/createTestData.js: Using EditorConfig core...
mayank_techsorcerer/pet-theory/lab01/createTestData.js: Using EditorConfig core...
mayank_techsorcerer/pet-theory/lab01/createTestData.js: Using EditorConfig core...
mayank_techsorcerer/pet-theory/lab01/importTestData.js: {}
mayank_techsorcerer/pet-theory/lab01/importTestData.js: Using EditorConfig core...
mayank_techsorcerer/pet-theory/lab01/customers_1000.csv: {}
mayank_techsorcerer/pet-theory/lab01/customers_1000.csv: Using EditorConfig core...
mayank_techsorcerer/pet-theory/lab01/importTestData.js: {}
mayank_techsorcerer/pet-theory/lab01/importTestData.js: {}
mayank_techsorcerer/pet-theory/lab01/importTestData.js: {}
mayank_techsorcerer/pet-theory/lab01/customers_1000.csv: {}
mayank_techsorcerer/pet-theory/lab01/customers_1000.csv: Using EditorConfig core...
mayank_techsorcerer/pet-theory/lab01/customers_1000.csv: Using EditorConfig core...
mayank_techsorcerer/pet-theory/lab01/customers_1000.csv: Using EditorConfig core...
mayank_techsorcerer/pet-theory/lab01/customers_1000.csv: Using EditorConfig core...
mayank_techsorcerer/pet-theory/lab01/customers_1000.csv: Using EditorConfig core...
mayank_techsorcerer/pet-theory/lab01/customers_1000.csv: Using EditorConfig core...
mayank_techsorcerer/pet-theory/lab01/customers_1000.csv: Using EditorConfig core...
mayank_techsorcerer/pet-theory/lab01/customers_1000.csv: Using EditorConfig core...
mayank_techsorcerer/pet-theory/lab01/customers_1000.csv: Using EditorConfig core...
mayank_techsorcerer/pet-theory/lab01/customers_1000.csv: Using EditorConfig core...
mayank_techsorcerer/pet-theory/lab01/customers_1000.csv: Using EditorConfig core...
mayank_techsorcerer/pet-theory/lab01/customers_1000.csv: Using EditorConfig core...
mayank_techsorcerer/pet-theory/lab01/customers_1000.csv: Using EditorConfig core...
mayank_techsorcerer/pet-theory/lab01/customers_1000.csv: Using EditorConfig core...
mayank_techsorcerer/pet-theory/lab01/customers_1000.csv: {}
mayank_techsorcerer/pet-theory/lab01/customers_1000.csv: {}
mayank_techsorcerer/pet-theory/lab01/customers_1000.csv: Using EditorConfig core...
mayank_techsorcerer/pet-theory/lab01/customers_1000.csv: Using EditorConfig core...
mayank_techsorcerer/pet-theory/lab01/customers_1000.csv: {}
mayank_techsorcerer/pet-theory/lab01/customers_1000.csv: {}
mayank_techsorcerer/pet-theory/lab01/customers_1000.csv: {}
vscode.git.Git: {}
mayank_techsorcerer/pet-theory/lab01/customers_1000.csv: {}
mayank_techsorcerer/pet-theory/lab01/customers_1000.csv: {}
vscode.git.Git: {}
mayank_techsorcerer/pet-theory/lab01/customers_1000.csv: {}
vscode.git.Git: {}
mayank_techsorcerer/pet-theory/lab01/customers_1000.csv: {}
mayank_techsorcerer/pet-theory/lab01/customers_1000.csv: {}
mayank_techsorcerer/pet-theory/lab01/customers_1000.csv: {}
mayank_techsorcerer/pet-theory/lab01/customers_1000.csv: {}
mayank_techsorcerer/pet-theory/lab01/customers_1000.csv: {}
mayank_techsorcerer/pet-theory/lab01/customers_1000.csv: {}
mayank_techsorcerer/pet-theory/lab01/customers_1000.csv: {}
mayank_techsorcerer/pet-theory/lab01/customers_1000.csv: {}
mayank_techsorcerer/pet-theory/lab01/customers_1000.csv: {}
mayank_techsorcerer/pet-theory/lab01/customers_1000.csv: {}
/User/settings.json: Using EditorConfig core...
mayank_techsorcerer/pet-theory/lab01/customers_1000.csv: {}
mayank_techsorcerer/pet-theory/lab01/customers_1000.csv: {}
