2024-06-04 22:41:47.202 [info] Log level: Info
2024-06-04 22:41:47.202 [info] Validating found git in: "git"
2024-06-04 22:41:47.202 [info] Using git "2.34.1" from "git"
2024-06-04 22:41:47.202 [info] > git rev-parse --show-toplevel [4ms]
2024-06-04 22:41:47.202 [info] fatal: not a git repository (or any parent up to mount point /)
Stopping at filesystem boundary (GIT_DISCOVERY_ACROSS_FILESYSTEM not set).
2024-06-04 22:41:47.202 [info] > git rev-parse --show-toplevel [168ms]
2024-06-04 22:41:47.202 [info] > git rev-parse --git-dir --git-common-dir [4ms]
2024-06-04 22:41:47.202 [info] Open repository: /home/mayank_techsorcerer/pet-theory
2024-06-04 22:41:47.220 [info] > git rev-parse --show-toplevel [2ms]
2024-06-04 22:41:47.220 [info] fatal: not a git repository (or any parent up to mount point /)
Stopping at filesystem boundary (GIT_DISCOVERY_ACROSS_FILESYSTEM not set).
2024-06-04 22:41:47.221 [info] > git config --get commit.template [10ms]
2024-06-04 22:41:47.240 [info] > git rev-parse --show-toplevel [10ms]
2024-06-04 22:41:47.240 [info] fatal: not a git repository (or any parent up to mount point /)
Stopping at filesystem boundary (GIT_DISCOVERY_ACROSS_FILESYSTEM not set).
2024-06-04 22:41:47.240 [info] > git for-each-ref --format=%(refname)%00%(upstream:short)%00%(objectname)%00%(upstream:track)%00%(upstream:remotename)%00%(upstream:remoteref) refs/heads/main refs/remotes/main [3ms]
2024-06-04 22:41:49.453 [info] > git status -z -uall [2204ms]
2024-06-04 22:41:49.462 [info] > git rev-parse --show-toplevel [2202ms]
2024-06-04 22:41:49.462 [info] fatal: not a git repository (or any parent up to mount point /)
Stopping at filesystem boundary (GIT_DISCOVERY_ACROSS_FILESYSTEM not set).
2024-06-04 22:41:49.535 [info] > git config --get commit.template [55ms]
2024-06-04 22:41:49.666 [info] > git rev-parse --show-toplevel [167ms]
2024-06-04 22:41:49.666 [info] fatal: not a git repository (or any parent up to mount point /)
Stopping at filesystem boundary (GIT_DISCOVERY_ACROSS_FILESYSTEM not set).
2024-06-04 22:41:49.946 [info] > git rev-parse --show-toplevel [245ms]
2024-06-04 22:41:49.946 [info] fatal: not a git repository (or any parent up to mount point /)
Stopping at filesystem boundary (GIT_DISCOVERY_ACROSS_FILESYSTEM not set).
2024-06-04 22:41:49.947 [info] > git for-each-ref --format=%(refname)%00%(upstream:short)%00%(objectname)%00%(upstream:track)%00%(upstream:remotename)%00%(upstream:remoteref) refs/heads/main refs/remotes/main [264ms]
2024-06-04 22:41:50.043 [info] > git status -z -uall [79ms]
2024-06-04 22:41:50.043 [info] > git check-ignore -v -z --stdin [54ms]
2024-06-04 22:41:50.050 [info] > git rev-parse --show-toplevel [41ms]
2024-06-04 22:41:50.051 [info] fatal: not a git repository (or any parent up to mount point /)
Stopping at filesystem boundary (GIT_DISCOVERY_ACROSS_FILESYSTEM not set).
2024-06-04 22:41:50.076 [info] > git rev-parse --show-toplevel [6ms]
2024-06-04 22:41:50.076 [info] fatal: not a git repository (or any parent up to mount point /)
Stopping at filesystem boundary (GIT_DISCOVERY_ACROSS_FILESYSTEM not set).
2024-06-04 22:41:50.134 [info] > git show --textconv :lab01/customers_1000.csv [40ms]
2024-06-04 22:41:50.165 [info] > git rev-parse --show-toplevel [32ms]
2024-06-04 22:41:50.165 [info] fatal: not a git repository (or any parent up to mount point /)
Stopping at filesystem boundary (GIT_DISCOVERY_ACROSS_FILESYSTEM not set).
2024-06-04 22:41:50.165 [info] > git ls-files --stage -- /home/mayank_techsorcerer/pet-theory/lab01/customers_1000.csv [52ms]
2024-06-04 22:41:50.211 [info] > git cat-file -s 50ab96663566105f07c424b66763f22976caa6f3 [27ms]
2024-06-04 22:41:59.559 [info] > git fetch [331ms]
2024-06-04 22:41:59.559 [info] From https://github.com/Mayankp11/pet-theory
   23f927c..a87917c  main       -> origin/main
2024-06-04 22:41:59.605 [info] > git config --get commit.template [22ms]
2024-06-04 22:41:59.606 [info] > git for-each-ref --format=%(refname)%00%(upstream:short)%00%(objectname)%00%(upstream:track)%00%(upstream:remotename)%00%(upstream:remoteref) refs/heads/main refs/remotes/main [2ms]
2024-06-04 22:41:59.653 [info] > git status -z -uall [25ms]
2024-06-04 22:42:00.877 [info] > git config --get commit.template [22ms]
2024-06-04 22:42:00.878 [info] > git for-each-ref --format=%(refname)%00%(upstream:short)%00%(objectname)%00%(upstream:track)%00%(upstream:remotename)%00%(upstream:remoteref) refs/heads/main refs/remotes/main [3ms]
2024-06-04 22:42:00.923 [info] > git status -z -uall [23ms]
2024-06-04 22:42:01.013 [info] > git ls-files --stage -- /home/mayank_techsorcerer/pet-theory/lab01/customers_1000.csv [3ms]
2024-06-04 22:42:01.037 [info] > git cat-file -s 50ab96663566105f07c424b66763f22976caa6f3 [2ms]
2024-06-04 22:42:01.125 [info] > git show --textconv :lab01/customers_1000.csv [5ms]
2024-06-04 22:43:47.818 [info] > git show --textconv :lab01/importTestData.js [38ms]
2024-06-04 22:43:47.826 [info] > git ls-files --stage -- /home/mayank_techsorcerer/pet-theory/lab01/importTestData.js [13ms]
2024-06-04 22:43:47.867 [info] > git cat-file -s 610384178e35bb2d98b475876969e1f9f8d90a9a [7ms]
2024-06-04 22:43:57.390 [info] > git log --oneline --cherry main...main@{upstream} -- [3ms]
2024-06-04 22:43:58.699 [info] > git ls-files --stage -- /home/mayank_techsorcerer/pet-theory/lab01/importTestData.js [3ms]
2024-06-04 22:43:58.718 [info] > git cat-file -s 610384178e35bb2d98b475876969e1f9f8d90a9a [1ms]
2024-06-04 22:43:58.802 [info] > git show --textconv :lab01/importTestData.js [3ms]
2024-06-04 22:44:20.331 [info] > git pull --tags origin main [22922ms]
2024-06-04 22:44:20.331 [info] remote: Repository not found.
fatal: repository 'https://github.com/Mayankp11/pet-theory.git/' not found
2024-06-04 22:44:20.369 [info] > git config --get commit.template [19ms]
2024-06-04 22:44:20.397 [info] > git for-each-ref --format=%(refname)%00%(upstream:short)%00%(objectname)%00%(upstream:track)%00%(upstream:remotename)%00%(upstream:remoteref) refs/heads/main refs/remotes/main [10ms]
2024-06-04 22:44:20.441 [info] > git status -z -uall [26ms]
2024-06-04 22:44:42.692 [info] > git log --oneline --cherry main...main@{upstream} -- [2ms]
2024-06-04 22:44:43.257 [info] > git pull --tags origin main [548ms]
2024-06-04 22:44:43.257 [info] remote: Repository not found.
fatal: repository 'https://github.com/Mayankp11/pet-theory.git/' not found
2024-06-04 22:44:43.296 [info] > git config --get commit.template [19ms]
2024-06-04 22:44:43.297 [info] > git for-each-ref --format=%(refname)%00%(upstream:short)%00%(objectname)%00%(upstream:track)%00%(upstream:remotename)%00%(upstream:remoteref) refs/heads/main refs/remotes/main [2ms]
2024-06-04 22:44:43.339 [info] > git status -z -uall [24ms]
2024-06-04 22:44:44.011 [info] > git ls-files --stage -- /home/mayank_techsorcerer/pet-theory/lab01/importTestData.js [4ms]
2024-06-04 22:44:44.030 [info] > git cat-file -s 610384178e35bb2d98b475876969e1f9f8d90a9a [2ms]
2024-06-04 22:44:44.110 [info] > git show --textconv :lab01/importTestData.js [3ms]
2024-06-04 22:44:55.281 [info] > git check-ignore -v -z --stdin [4ms]
2024-06-04 22:44:56.599 [info] > git check-ignore -v -z --stdin [3ms]
2024-06-04 22:44:59.985 [info] > git fetch [307ms]
2024-06-04 22:44:59.985 [info] Missing or invalid credentials.
Skip silent fetch commands
Missing or invalid credentials.
Skip silent fetch commands
remote: Repository not found.
fatal: Authentication failed for 'https://github.com/Mayankp11/pet-theory.git/'
2024-06-04 22:45:00.007 [info] > git config --get commit.template [3ms]
2024-06-04 22:45:00.028 [info] > git for-each-ref --format=%(refname)%00%(upstream:short)%00%(objectname)%00%(upstream:track)%00%(upstream:remotename)%00%(upstream:remoteref) refs/heads/main refs/remotes/main [3ms]
2024-06-04 22:45:00.070 [info] > git status -z -uall [24ms]
2024-06-04 22:45:27.359 [info] > git rev-parse --show-toplevel [1ms]
2024-06-04 22:45:27.379 [info] > git rev-parse --git-dir --git-common-dir [2ms]
2024-06-04 22:45:27.406 [info] Open repository: /home/mayank_techsorcerer
2024-06-04 22:45:27.428 [info] > git fetch [23ms]
2024-06-04 22:45:27.449 [info] > git config --get commit.template [23ms]
2024-06-04 22:45:27.466 [info] No remotes found in the git config file.
2024-06-04 22:45:27.467 [info] > git config --get commit.template [19ms]
2024-06-04 22:45:27.468 [info] > git for-each-ref --format=%(refname)%00%(upstream:short)%00%(objectname)%00%(upstream:track)%00%(upstream:remotename)%00%(upstream:remoteref) refs/heads/master refs/remotes/master [2ms]
2024-06-04 22:45:27.490 [info] No remotes found in the git config file.
2024-06-04 22:45:27.511 [info] > git config --get commit.template [4ms]
2024-06-04 22:45:27.511 [info] > git for-each-ref --format=%(refname)%00%(upstream:short)%00%(objectname)%00%(upstream:track)%00%(upstream:remotename)%00%(upstream:remoteref) refs/heads/master refs/remotes/master [22ms]
2024-06-04 22:45:27.532 [info] No remotes found in the git config file.
2024-06-04 22:45:27.534 [info] > git for-each-ref --format=%(refname)%00%(upstream:short)%00%(objectname)%00%(upstream:track)%00%(upstream:remotename)%00%(upstream:remoteref) refs/heads/master refs/remotes/master [2ms]
2024-06-04 22:45:27.573 [info] > git status -z -uall [21ms]
2024-06-04 22:45:28.033 [info] > git check-ignore -v -z --stdin [5ms]
2024-06-04 22:45:31.003 [info] No remotes found in the git config file.
2024-06-04 22:45:31.005 [info] > git config --get commit.template [20ms]
2024-06-04 22:45:31.005 [info] > git for-each-ref --format=%(refname)%00%(upstream:short)%00%(objectname)%00%(upstream:track)%00%(upstream:remotename)%00%(upstream:remoteref) refs/heads/master refs/remotes/master [3ms]
2024-06-04 22:45:31.040 [info] > git status -z -uall [17ms]
2024-06-04 22:45:36.100 [info] No remotes found in the git config file.
2024-06-04 22:45:36.101 [info] > git config --get commit.template [21ms]
2024-06-04 22:45:36.101 [info] > git for-each-ref --format=%(refname)%00%(upstream:short)%00%(objectname)%00%(upstream:track)%00%(upstream:remotename)%00%(upstream:remoteref) refs/heads/master refs/remotes/master [1ms]
2024-06-04 22:45:36.137 [info] > git status -z -uall [17ms]
2024-06-04 22:45:41.191 [info] No remotes found in the git config file.
2024-06-04 22:45:41.192 [info] > git config --get commit.template [21ms]
2024-06-04 22:45:41.193 [info] > git for-each-ref --format=%(refname)%00%(upstream:short)%00%(objectname)%00%(upstream:track)%00%(upstream:remotename)%00%(upstream:remoteref) refs/heads/master refs/remotes/master [3ms]
2024-06-04 22:45:41.229 [info] > git status -z -uall [18ms]
2024-06-04 22:45:46.283 [info] No remotes found in the git config file.
2024-06-04 22:45:46.284 [info] > git config --get commit.template [19ms]
2024-06-04 22:45:46.285 [info] > git for-each-ref --format=%(refname)%00%(upstream:short)%00%(objectname)%00%(upstream:track)%00%(upstream:remotename)%00%(upstream:remoteref) refs/heads/master refs/remotes/master [3ms]
2024-06-04 22:45:46.320 [info] > git status -z -uall [17ms]
2024-06-04 22:45:51.374 [info] > git config --get commit.template [20ms]
2024-06-04 22:45:51.374 [info] No remotes found in the git config file.
2024-06-04 22:45:51.376 [info] > git for-each-ref --format=%(refname)%00%(upstream:short)%00%(objectname)%00%(upstream:track)%00%(upstream:remotename)%00%(upstream:remoteref) refs/heads/master refs/remotes/master [3ms]
2024-06-04 22:45:51.411 [info] > git status -z -uall [16ms]
2024-06-04 22:45:56.463 [info] No remotes found in the git config file.
2024-06-04 22:45:56.464 [info] > git config --get commit.template [20ms]
2024-06-04 22:45:56.466 [info] > git for-each-ref --format=%(refname)%00%(upstream:short)%00%(objectname)%00%(upstream:track)%00%(upstream:remotename)%00%(upstream:remoteref) refs/heads/master refs/remotes/master [3ms]
2024-06-04 22:45:56.502 [info] > git status -z -uall [17ms]
2024-06-04 22:46:01.557 [info] No remotes found in the git config file.
2024-06-04 22:46:01.558 [info] > git config --get commit.template [20ms]
2024-06-04 22:46:01.559 [info] > git for-each-ref --format=%(refname)%00%(upstream:short)%00%(objectname)%00%(upstream:track)%00%(upstream:remotename)%00%(upstream:remoteref) refs/heads/master refs/remotes/master [3ms]
2024-06-04 22:46:01.596 [info] > git status -z -uall [17ms]
