2024-06-04 22:41:50.233 [info] Reading sessions from keychain...
2024-06-04 22:41:50.233 [info] Getting sessions for all scopes...
2024-06-04 22:41:50.233 [info] Got 0 sessions for ...
2024-06-04 22:41:50.301 [info] Getting sessions for read:user,repo,user:email,workflow...
2024-06-04 22:41:50.301 [info] Got 0 sessions for read:user,repo,user:email,workflow...
2024-06-04 22:43:57.768 [info] Getting sessions for read:user,repo,user:email,workflow...
2024-06-04 22:43:57.768 [info] Got 0 sessions for read:user,repo,user:email,workflow...
2024-06-04 22:44:00.099 [info] Logging in for the following scopes: read:user repo user:email workflow
2024-06-04 22:44:00.246 [info] Trying device code flow... (read:user repo user:email workflow)
2024-06-04 22:44:19.636 [info] Getting user info...
2024-06-04 22:44:19.868 [info] Got account info!
2024-06-04 22:44:19.869 [info] Storing 1 sessions...
2024-06-04 22:44:19.933 [info] Reading sessions from keychain...
2024-06-04 22:44:19.933 [info] Stored 1 sessions!
2024-06-04 22:44:19.933 [info] Login success!
2024-06-04 22:44:19.993 [info] Got stored sessions!
2024-06-04 22:44:19.993 [info] Got 1 verified sessions.
2024-06-04 22:44:20.525 [info] Getting sessions for read:user,repo,user:email,workflow...
2024-06-04 22:44:20.525 [info] Got 1 sessions for read:user,repo,user:email,workflow...
2024-06-04 22:44:43.073 [info] Getting sessions for read:user,repo,user:email,workflow...
2024-06-04 22:44:43.073 [info] Got 1 sessions for read:user,repo,user:email,workflow...
